<?xml version="1.0" encoding="UTF-8"?>
<TestRun id="cd7ede7f-a409-495a-8445-26012d3dd0c0" name="Administrator@WIN-RNMUH95F9U1 2011-11-26 08:47:51" runUser="WIN-RNMUH95F9U1\Administrator" xmlns="http://microsoft.com/schemas/VisualStudio/TeamTest/2010">
  <TestSettings name="Local" id="46322ecf-622c-46d6-9134-1578a914336a">
    <Description>These are default test settings for a local test run.</Description>
    <Deployment userDeploymentRoot="C:\Projects\Urbana\Marketing\LeadScraper\TestResults" useDefaultDeploymentRoot="false" runDeploymentRoot="Administrator_WIN-RNMUH95F9U1 2011-11-26 08_47_51">
      <DeploymentItem filename="LeadScraper.Tests\Resources\" />
      <DeploymentItem filename="C:\Projects\Urbana\Marketing\LeadScraper\Dependencies\Common.Types.dll" />
      <DeploymentItem filename="C:\Projects\Urbana\Marketing\LeadScraper\Dependencies\Common.Net.dll" />
      <DeploymentItem filename="C:\Projects\Urbana\Marketing\LeadScraper\Dependencies\Common.Net.Interfaces.dll" />
      <DeploymentItem filename="C:\Projects\Urbana\Marketing\LeadScraper\Dependencies\Common.Utils.dll" />
      <DeploymentItem filename="C:\Projects\Urbana\Marketing\LeadScraper\LeadScraper.WorkflowActivities\bin\Debug\LeadScraper.WorkflowActivities.dll" />
      <DeploymentItem filename="C:\Projects\Urbana\Marketing\LeadScraper\LeadScraper.Utils\bin\Debug\LeadScraper.Utils.dll" />
    </Deployment>
    <Execution>
      <TestTypeSpecific>
        <UnitTestRunConfig testTypeId="13cdc9d9-ddb5-4fa4-a97d-d965ccfc6d4b">
          <AssemblyResolution>
            <TestDirectory useLoadContext="true" />
          </AssemblyResolution>
        </UnitTestRunConfig>
        <WebTestRunConfiguration testTypeId="4e7599fa-5ecb-43e9-a887-cd63cf72d207">
          <Browser name="Internet Explorer 7.0">
            <Headers>
              <Header name="User-Agent" value="Mozilla/4.0 (compatible; MSIE 7.0; Windows NT 5.1)" />
              <Header name="Accept" value="*/*" />
              <Header name="Accept-Language" value="{{$IEAcceptLanguage}}" />
              <Header name="Accept-Encoding" value="GZIP" />
            </Headers>
          </Browser>
        </WebTestRunConfiguration>
      </TestTypeSpecific>
      <AgentRule name="LocalMachineDefaultRole">
      </AgentRule>
    </Execution>
  </TestSettings>
  <Times creation="2011-11-26T08:47:51.8276328-05:00" queuing="2011-11-26T08:47:54.0375937-05:00" start="2011-11-26T08:47:54.2748984-05:00" finish="2011-11-26T08:47:56.6635703-05:00" />
  <ResultSummary outcome="Completed">
    <Counters total="1" executed="1" passed="1" error="0" failed="0" timeout="0" aborted="0" inconclusive="0" passedButRunAborted="0" notRunnable="0" notExecuted="0" disconnected="0" warning="0" completed="0" inProgress="0" pending="0" />
  </ResultSummary>
  <TestDefinitions>
    <UnitTest name="GetCraigslistJobDetailsTest" storage="c:\projects\urbana\marketing\leadscraper\leadscraper.tests\bin\debug\leadscraper.tests.dll" id="66ca339c-eb6d-94d7-aefd-33caa834f581">
      <Execution id="95f6024a-bf63-4481-8313-bbb7c0c4b0d7" />
      <TestMethod codeBase="C:/Projects/Urbana/Marketing/LeadScraper/LeadScraper.Tests/bin/Debug/LeadScraper.Tests.DLL" adapterTypeName="Microsoft.VisualStudio.TestTools.TestTypes.Unit.UnitTestAdapter, Microsoft.VisualStudio.QualityTools.Tips.UnitTest.Adapter, Version=10.0.0.0, Culture=neutral, PublicKeyToken=b03f5f7f11d50a3a" className="LeadScraper.Tests.XsltExtensionsTest, LeadScraper.Tests, Version=1.0.0.0, Culture=neutral, PublicKeyToken=null" name="GetCraigslistJobDetailsTest" />
    </UnitTest>
  </TestDefinitions>
  <TestLists>
    <TestList name="Results Not in a List" id="8c84fa94-04c1-424b-9868-57a2d4851a1d" />
    <TestList name="All Loaded Results" id="19431567-8539-422a-85d7-44ee4e166bda" />
  </TestLists>
  <TestEntries>
    <TestEntry testId="66ca339c-eb6d-94d7-aefd-33caa834f581" executionId="95f6024a-bf63-4481-8313-bbb7c0c4b0d7" testListId="8c84fa94-04c1-424b-9868-57a2d4851a1d" />
  </TestEntries>
  <Results>
    <UnitTestResult executionId="95f6024a-bf63-4481-8313-bbb7c0c4b0d7" testId="66ca339c-eb6d-94d7-aefd-33caa834f581" testName="GetCraigslistJobDetailsTest" computerName="WIN-RNMUH95F9U1" duration="00:00:00.2142180" startTime="2011-11-26T08:47:54.3422812-05:00" endTime="2011-11-26T08:47:56.4858359-05:00" testType="13cdc9d9-ddb5-4fa4-a97d-d965ccfc6d4b" outcome="Passed" testListId="8c84fa94-04c1-424b-9868-57a2d4851a1d" relativeResultsDirectory="95f6024a-bf63-4481-8313-bbb7c0c4b0d7">
      <Output>
        <StdOut>&lt;Posts&gt;
  &lt;Post&gt;
    &lt;Title&gt;Software Engineers (All levels)&lt;/Title&gt;
  &lt;/Post&gt;
  &lt;Body /&gt;
  &lt;Post&gt;
    &lt;Title&gt;Software Quality Assurance Analyst &lt;/Title&gt;
  &lt;/Post&gt;
  &lt;Body /&gt;
  &lt;Post&gt;
    &lt;Title&gt;Programmer-VB.net, SQL, HTML&lt;/Title&gt;
  &lt;/Post&gt;
  &lt;Body /&gt;
  &lt;Post&gt;
    &lt;Title&gt;Web Developer/Backend Engineer&lt;/Title&gt;
  &lt;/Post&gt;
  &lt;Body /&gt;
  &lt;Post&gt;
    &lt;Title&gt;Sr. Web Engineer&lt;/Title&gt;
  &lt;/Post&gt;
  &lt;Body /&gt;
  &lt;Post&gt;
    &lt;Title&gt;PHP Developer&lt;/Title&gt;
  &lt;/Post&gt;
  &lt;Body /&gt;
  &lt;Post&gt;
    &lt;Title&gt;Asterisk FreePBX&lt;/Title&gt;
  &lt;/Post&gt;
  &lt;Body /&gt;
  &lt;Post&gt;
    &lt;Title&gt;Software Engineer level II(C++ and Java)&lt;/Title&gt;
  &lt;/Post&gt;
  &lt;Body /&gt;
  &lt;Post&gt;
    &lt;Title&gt;Java Application Tester 10274&lt;/Title&gt;
  &lt;/Post&gt;
  &lt;Body /&gt;
  &lt;Post&gt;
    &lt;Title&gt;RoR Software Engineer&lt;/Title&gt;
  &lt;/Post&gt;
  &lt;Body /&gt;
  &lt;Post&gt;
    &lt;Title&gt;PeopleSoft Analyst 10569&lt;/Title&gt;
  &lt;/Post&gt;
  &lt;Body /&gt;
  &lt;Post&gt;
    &lt;Title&gt; Applications Developer/Programmer III ASP.Net&lt;/Title&gt;
  &lt;/Post&gt;
  &lt;Body /&gt;
  &lt;Post&gt;
    &lt;Title&gt;Software Engineer&lt;/Title&gt;
  &lt;/Post&gt;
  &lt;Body /&gt;
  &lt;Post&gt;
    &lt;Title&gt;Quality Assurance Engineer&lt;/Title&gt;
  &lt;/Post&gt;
  &lt;Body /&gt;
  &lt;Post&gt;
    &lt;Title&gt;MS Dynamics GP Developer/Administrator&lt;/Title&gt;
  &lt;/Post&gt;
  &lt;Body /&gt;
&lt;/Posts&gt;</StdOut>
      </Output>
    </UnitTestResult>
  </Results>
</TestRun>