<?xml version="1.0" encoding="UTF-8"?>
<TestRun id="88dd0f86-28ce-47e1-a820-7995520d59ef" name="Administrator@WIN-RNMUH95F9U1 2011-11-26 11:41:00" runUser="WIN-RNMUH95F9U1\Administrator" xmlns="http://microsoft.com/schemas/VisualStudio/TeamTest/2010">
  <TestSettings name="Local" id="46322ecf-622c-46d6-9134-1578a914336a">
    <Description>These are default test settings for a local test run.</Description>
    <Deployment userDeploymentRoot="C:\Projects\Urbana\Marketing\LeadScraper\TestResults" useDefaultDeploymentRoot="false" runDeploymentRoot="Administrator_WIN-RNMUH95F9U1 2011-11-26 11_41_00">
      <DeploymentItem filename="LeadScraper.Tests\Resources\" />
      <DeploymentItem filename="C:\Projects\Urbana\Marketing\LeadScraper\Dependencies\Common.Types.dll" />
      <DeploymentItem filename="C:\Projects\Urbana\Marketing\LeadScraper\Dependencies\Common.Net.dll" />
      <DeploymentItem filename="C:\Projects\Urbana\Marketing\LeadScraper\Dependencies\Common.Net.Interfaces.dll" />
      <DeploymentItem filename="C:\Projects\Urbana\Marketing\LeadScraper\Dependencies\Common.Utils.dll" />
      <DeploymentItem filename="C:\Projects\Urbana\Marketing\LeadScraper\LeadScraper.WorkflowActivities\bin\Debug\LeadScraper.WorkflowActivities.dll" />
      <DeploymentItem filename="C:\Projects\Urbana\Marketing\LeadScraper\LeadScraper.Utils\bin\Debug\LeadScraper.Utils.dll" />
    </Deployment>
    <Execution>
      <TestTypeSpecific>
        <UnitTestRunConfig testTypeId="13cdc9d9-ddb5-4fa4-a97d-d965ccfc6d4b">
          <AssemblyResolution>
            <TestDirectory useLoadContext="true" />
          </AssemblyResolution>
        </UnitTestRunConfig>
        <WebTestRunConfiguration testTypeId="4e7599fa-5ecb-43e9-a887-cd63cf72d207">
          <Browser name="Internet Explorer 7.0">
            <Headers>
              <Header name="User-Agent" value="Mozilla/4.0 (compatible; MSIE 7.0; Windows NT 5.1)" />
              <Header name="Accept" value="*/*" />
              <Header name="Accept-Language" value="{{$IEAcceptLanguage}}" />
              <Header name="Accept-Encoding" value="GZIP" />
            </Headers>
          </Browser>
        </WebTestRunConfiguration>
      </TestTypeSpecific>
      <AgentRule name="LocalMachineDefaultRole">
      </AgentRule>
    </Execution>
  </TestSettings>
  <Times creation="2011-11-26T11:41:00.5014609-05:00" queuing="2011-11-26T11:41:01.2241171-05:00" start="2011-11-26T11:41:01.3588828-05:00" finish="2011-11-26T11:41:08.5571250-05:00" />
  <ResultSummary outcome="Failed">
    <Counters total="1" executed="1" error="0" failed="1" timeout="0" aborted="0" inconclusive="0" passedButRunAborted="0" notRunnable="0" notExecuted="0" disconnected="0" warning="0" passed="0" completed="0" inProgress="0" pending="0" />
  </ResultSummary>
  <TestDefinitions>
    <UnitTest name="RunWorkflow" storage="c:\projects\urbana\marketing\leadscraper\leadscraper.tests\bin\debug\leadscraper.tests.dll" id="a6a69894-0f6a-3ad2-9bcb-a4fdbf54691e">
      <Execution id="513c64ef-898b-4153-be6c-3bacb66b4e86" />
      <TestMethod codeBase="C:/Projects/Urbana/Marketing/LeadScraper/LeadScraper.Tests/bin/Debug/LeadScraper.Tests.DLL" adapterTypeName="Microsoft.VisualStudio.TestTools.TestTypes.Unit.UnitTestAdapter, Microsoft.VisualStudio.QualityTools.Tips.UnitTest.Adapter, Version=10.0.0.0, Culture=neutral, PublicKeyToken=b03f5f7f11d50a3a" className="LeadScraper.Tests.CraigslistLeadCollectorTests, LeadScraper.Tests, Version=1.0.0.0, Culture=neutral, PublicKeyToken=null" name="RunWorkflow" />
    </UnitTest>
  </TestDefinitions>
  <TestLists>
    <TestList name="Results Not in a List" id="8c84fa94-04c1-424b-9868-57a2d4851a1d" />
    <TestList name="All Loaded Results" id="19431567-8539-422a-85d7-44ee4e166bda" />
  </TestLists>
  <TestEntries>
    <TestEntry testId="a6a69894-0f6a-3ad2-9bcb-a4fdbf54691e" executionId="513c64ef-898b-4153-be6c-3bacb66b4e86" testListId="8c84fa94-04c1-424b-9868-57a2d4851a1d" />
  </TestEntries>
  <Results>
    <UnitTestResult executionId="513c64ef-898b-4153-be6c-3bacb66b4e86" testId="a6a69894-0f6a-3ad2-9bcb-a4fdbf54691e" testName="RunWorkflow" computerName="WIN-RNMUH95F9U1" duration="00:00:06.3829724" startTime="2011-11-26T11:41:01.3940390-05:00" endTime="2011-11-26T11:41:08.4848593-05:00" testType="13cdc9d9-ddb5-4fa4-a97d-d965ccfc6d4b" outcome="Failed" testListId="8c84fa94-04c1-424b-9868-57a2d4851a1d" relativeResultsDirectory="513c64ef-898b-4153-be6c-3bacb66b4e86">
      <Output>
        <ErrorInfo>
          <Message>Test method LeadScraper.Tests.CraigslistLeadCollectorTests.RunWorkflow threw exception: 
System.NotSupportedException: LINQ to Entities does not recognize the method 'Marketing.Data.CraigslistPost GetValue[CraigslistPost](System.Activities.LocationReference)' method, and this method cannot be translated into a store expression.</Message>
          <StackTrace>    at System.Activities.WorkflowApplication.Invoke(Activity activity, IDictionary`2 inputs, WorkflowInstanceExtensionManager extensions, TimeSpan timeout)
   at System.Activities.WorkflowInvoker.Invoke(Activity workflow, TimeSpan timeout, WorkflowInstanceExtensionManager extensions)
   at System.Activities.WorkflowInvoker.Invoke()
   at LeadScraper.Tests.CraigslistLeadCollectorTests.RunWorkflow() in C:\Projects\Urbana\Marketing\LeadScraper\LeadScraper.Tests\CraigslistLeadCollectorTests.cs:line 63
</StackTrace>
        </ErrorInfo>
      </Output>
    </UnitTestResult>
  </Results>
</TestRun>