<?xml version="1.0" encoding="UTF-8"?>
<TestRun id="3a0c7315-5558-4d9c-885d-3bf1135a58b2" name="Administrator@WIN-RNMUH95F9U1 2011-11-26 17:32:01" runUser="WIN-RNMUH95F9U1\Administrator" xmlns="http://microsoft.com/schemas/VisualStudio/TeamTest/2010">
  <TestSettings name="Local" id="46322ecf-622c-46d6-9134-1578a914336a">
    <Description>These are default test settings for a local test run.</Description>
    <Deployment userDeploymentRoot="C:\Projects\Urbana\Marketing\LeadScraper\TestResults" useDefaultDeploymentRoot="false" runDeploymentRoot="Administrator_WIN-RNMUH95F9U1 2011-11-26 17_32_01">
      <DeploymentItem filename="LeadScraper.Tests\Resources\" />
      <DeploymentItem filename="C:\Projects\Urbana\Marketing\LeadScraper\Dependencies\Common.Types.dll" />
      <DeploymentItem filename="C:\Projects\Urbana\Marketing\LeadScraper\Dependencies\Common.Net.dll" />
      <DeploymentItem filename="C:\Projects\Urbana\Marketing\LeadScraper\Dependencies\Common.Net.Interfaces.dll" />
      <DeploymentItem filename="C:\Projects\Urbana\Marketing\LeadScraper\Dependencies\Common.Utils.dll" />
      <DeploymentItem filename="C:\Projects\Urbana\Marketing\LeadScraper\LeadScraper.WorkflowActivities\bin\Debug\LeadScraper.WorkflowActivities.dll" />
      <DeploymentItem filename="C:\Projects\Urbana\Marketing\LeadScraper\LeadScraper.Utils\bin\Debug\LeadScraper.Utils.dll" />
    </Deployment>
    <Execution>
      <TestTypeSpecific>
        <UnitTestRunConfig testTypeId="13cdc9d9-ddb5-4fa4-a97d-d965ccfc6d4b">
          <AssemblyResolution>
            <TestDirectory useLoadContext="true" />
          </AssemblyResolution>
        </UnitTestRunConfig>
        <WebTestRunConfiguration testTypeId="4e7599fa-5ecb-43e9-a887-cd63cf72d207">
          <Browser name="Internet Explorer 7.0">
            <Headers>
              <Header name="User-Agent" value="Mozilla/4.0 (compatible; MSIE 7.0; Windows NT 5.1)" />
              <Header name="Accept" value="*/*" />
              <Header name="Accept-Language" value="{{$IEAcceptLanguage}}" />
              <Header name="Accept-Encoding" value="GZIP" />
            </Headers>
          </Browser>
        </WebTestRunConfiguration>
      </TestTypeSpecific>
      <AgentRule name="LocalMachineDefaultRole">
      </AgentRule>
    </Execution>
  </TestSettings>
  <Times creation="2011-11-26T17:32:01.9008750-05:00" queuing="2011-11-26T17:32:02.5541953-05:00" start="2011-11-26T17:32:02.5688437-05:00" finish="2011-11-26T17:32:03.3461875-05:00" />
  <ResultSummary outcome="Completed">
    <Counters total="1" executed="1" passed="1" error="0" failed="0" timeout="0" aborted="0" inconclusive="0" passedButRunAborted="0" notRunnable="0" notExecuted="0" disconnected="0" warning="0" completed="0" inProgress="0" pending="0" />
  </ResultSummary>
  <TestDefinitions>
    <UnitTest name="GetCraigslistJobDetailsTest" storage="c:\projects\urbana\marketing\leadscraper\leadscraper.tests\bin\debug\leadscraper.tests.dll" id="66ca339c-eb6d-94d7-aefd-33caa834f581">
      <Execution id="866a9496-3326-4b0e-a894-fc4ea5a60931" />
      <TestMethod codeBase="C:/Projects/Urbana/Marketing/LeadScraper/LeadScraper.Tests/bin/Debug/LeadScraper.Tests.DLL" adapterTypeName="Microsoft.VisualStudio.TestTools.TestTypes.Unit.UnitTestAdapter, Microsoft.VisualStudio.QualityTools.Tips.UnitTest.Adapter, Version=10.0.0.0, Culture=neutral, PublicKeyToken=b03f5f7f11d50a3a" className="LeadScraper.Tests.XsltExtensionsTest, LeadScraper.Tests, Version=1.0.0.0, Culture=neutral, PublicKeyToken=null" name="GetCraigslistJobDetailsTest" />
    </UnitTest>
  </TestDefinitions>
  <TestLists>
    <TestList name="Results Not in a List" id="8c84fa94-04c1-424b-9868-57a2d4851a1d" />
    <TestList name="All Loaded Results" id="19431567-8539-422a-85d7-44ee4e166bda" />
  </TestLists>
  <TestEntries>
    <TestEntry testId="66ca339c-eb6d-94d7-aefd-33caa834f581" executionId="866a9496-3326-4b0e-a894-fc4ea5a60931" testListId="8c84fa94-04c1-424b-9868-57a2d4851a1d" />
  </TestEntries>
  <Results>
    <UnitTestResult executionId="866a9496-3326-4b0e-a894-fc4ea5a60931" testId="66ca339c-eb6d-94d7-aefd-33caa834f581" testName="GetCraigslistJobDetailsTest" computerName="WIN-RNMUH95F9U1" duration="00:00:00.1220755" startTime="2011-11-26T17:32:02.5717734-05:00" endTime="2011-11-26T17:32:03.3198203-05:00" testType="13cdc9d9-ddb5-4fa4-a97d-d965ccfc6d4b" outcome="Passed" testListId="8c84fa94-04c1-424b-9868-57a2d4851a1d" relativeResultsDirectory="866a9496-3326-4b0e-a894-fc4ea5a60931">
      <Output>
        <StdOut>&lt;Posts&gt;
  &lt;Post datetime="2011-11-26, 12:51PM EST" href="https://accounts.craigslist.org/eaf?postingID=2721407605&amp;amp;amp;token=U2FsdGVkX18xMjI4MTEyMqJqKdxkZjD7jAapl-giYRCW4CnFghhWF8LZw-nXByruMHKWZTYJhAwlqe69QeGPjWb9-0DJ02Xq" id="2721407605" contact="mailto:tcroucher@auritas.com?subject=SAP%20Senior%20ABAP%20developer%20(Orlando%20area)&amp;amp;amp;body=%0A%0Ahttp%3A%2F%2Forlando.craigslist.org%2Fsof%2F2721407605.html%0A"&gt;
    &lt;Title&gt;SAP Senior ABAP developer&lt;/Title&gt;
  &lt;/Post&gt;
  &lt;Body&gt;
    &lt;Details datetime=""&gt;
                  We are an SAP services company preparing to release a major new SAP functionality. We are looking for a senior level ABAP developer interested in providing fix bid work on this exciting new SAP functionality. This is an ideal opportunity to make some additional cash for the holidays. The right candidate will have the ability to work independently and have English as native or primary language. This is a major product being developed so there may well be additional projects over time.
                      The candidate would work independently under the direction of the product development manager. Initial project include report writing and screen development. Experience in screen development is required and examples of previous work will be required. Additional skills or past experience in SAP ADK would be preferred. 
                          Creativity will be appreciated and respected. We are looking for people that think outside the box since that&amp;amp;amp;apos;s what we&amp;amp;amp;apos;ve done in designing this exciting new product.
                              We have some significant milestones coming up before the end of this year, so we need someone that can hit the ground running and produce solutions in timely manner.&amp;lt;!-- START CLTAGS --&amp;gt;&amp;lt;ul class="blurbs"&amp;gt;&amp;lt;li&amp;gt;&amp;lt;!-- CLTAG GeographicArea=Orlando area --&amp;gt;Location: Orlando area
                                    &amp;lt;/li&amp;gt;&amp;lt;li&amp;gt;&amp;lt;!-- CLTAG compensation=Fixed bid projects offering competitive rates at the senior level  --&amp;gt;Compensation: Fixed bid projects offering competitive rates at the senior level
                                    &amp;lt;/li&amp;gt;&amp;lt;li&amp;gt;&amp;lt;!-- CLTAG contract=on --&amp;gt;This is a contract job.
                                    &amp;lt;/li&amp;gt;&amp;lt;li&amp;gt;Principals only. Recruiters, please don&amp;amp;amp;apos;t contact this job poster.&amp;lt;/li&amp;gt;&amp;lt;li&amp;gt;Please, no phone calls about this job!&amp;lt;/li&amp;gt;&amp;lt;li&amp;gt;Please do not contact job poster about other services, products or commercial interests.&amp;lt;/li&amp;gt;&amp;lt;/ul&amp;gt;&amp;lt;!-- END CLTAGS --&amp;gt;&amp;lt;table summary="craigslist hosted images"&amp;gt;&amp;lt;tr&amp;gt;&amp;lt;td align="center"&amp;gt;&amp;lt;/td&amp;gt;&amp;lt;td align="center"&amp;gt;&amp;lt;/td&amp;gt;&amp;lt;/tr&amp;gt;&amp;lt;tr&amp;gt;&amp;lt;td align="center"&amp;gt;&amp;lt;/td&amp;gt;&amp;lt;td align="center"&amp;gt;&amp;lt;/td&amp;gt;&amp;lt;/tr&amp;gt;&amp;lt;/table&amp;gt;&amp;lt;/br&amp;gt;&amp;lt;/br&amp;gt;&amp;lt;/br&amp;gt;&amp;lt;/br&amp;gt;&amp;lt;/br&amp;gt;&amp;lt;/br&amp;gt;&amp;lt;/br&amp;gt;&amp;lt;/br&amp;gt;&lt;/Details&gt;
    &lt;Blurb&gt;
      &lt;Key&gt;Location&lt;/Key&gt;
      &lt;Value&gt;Orlando area&lt;/Value&gt;
    &lt;/Blurb&gt;
    &lt;Blurb&gt;
      &lt;Key&gt;Compensation&lt;/Key&gt;
      &lt;Value&gt;Fixed bid projects offering competitive rates at the senior level&lt;/Value&gt;
    &lt;/Blurb&gt;
  &lt;/Body&gt;
  &lt;Post datetime="2011-11-23,  4:50PM EST" href="https://accounts.craigslist.org/eaf?postingID=2717799738&amp;amp;amp;token=U2FsdGVkX183MzQxNzM0MZwBt8ly-5QCY_l3xa7aKbEsFoMmFibTBbzARuRc1qSax2vJcCc9nJiP5W4FznXjuDP9S-gaLiOX" id="2717799738" contact="mailto:job-rg4bd-2717799738@craigslist.org?subject=Software%20Engineers%20(All%20levels)&amp;amp;amp;body=%0A%0Ahttp%3A%2F%2Forlando.craigslist.org%2Fsof%2F2717799738.html%0A"&gt;
    &lt;Title&gt;Software Engineers (All levels)&lt;/Title&gt;
  &lt;/Post&gt;
  &lt;Body&gt;
    &lt;Details datetime=""&gt;
                  We are an East Orlando start-up looking for software engineers of all experience levels.
                      Development with us:
                          You will work in small focussed teams of highly motivated and talented developers
                            You will be part of a professional stable development environment that is not subject to the long periods of crunch time typically associated with game development
                              Each developer / programmer will be expected to take responsibility for, and strongly influence the products they develop and the customers they work with
                                You will have the opportunity to work on and gain experience with the expanding range of hardware platforms we support.
                                  You will have the opportunity to work with some of the best games teams in the industry
                                     
                                      Key Responsibilities: 
                                          Developing optimized code in C/C++ for the very latest hardware platforms e.g. (PS3,Xbox 360,Wii,PC, Mobile, Android ,iPhone)
                                            Writing cross-platform, multithreaded engine code 
                                              Leading and participating in code reviews with other members of the engineering team on a regular basis
                                                Working on all aspects of Software Development including implementation, testing, documentation and delivery
                                                  Working directly with product management and customers to understand their requirements and implement software solutions
                                                    Developing and maintaining one of the most respected codebases in the games industry
                                                      Drafting tutorials, white papers and speaking at technical meetings / conferences
                                                        Taking ownership of more general projects/responsibilities within the development team such as recruitment initiatives, presentations and technical relationships with partner companies
                                                          Working directly with customers, often on-site, to ensure they are getting the most from our products
                                                              Requirements:
                                                                  Bachelor&amp;amp;amp;apos;s Degree in Computer Science or equivalent
                                                                    Exceptional C++ skills and experience with Object Oriented Programming technique
                                                                      Strong communication skills and the ability to work in a team environment
                                                                        Proven ability to work in a team environment on a shared code base
                                                                            Desirable skills:
                                                                                Background in game development
                                                                                  Experience developing 3D graphics applications and tools
                                                                                    Low level optimization skills, experience in middleware and physics
                                                                                      Experience working with established, large-scale software architectures
                                                                                        Experience working within and extending one or more scripting languages (e.g. Python, Perl and/or LUA)&amp;lt;!-- START CLTAGS --&amp;gt;&amp;lt;ul class="blurbs"&amp;gt;&amp;lt;li&amp;gt;&amp;lt;!-- CLTAG compensation=Highly competitive --&amp;gt;Compensation: Highly competitive
                                                                                              &amp;lt;/li&amp;gt;&amp;lt;li&amp;gt;Principals only. Recruiters, please don&amp;amp;amp;apos;t contact this job poster.&amp;lt;/li&amp;gt;&amp;lt;li&amp;gt;Please, no phone calls about this job!&amp;lt;/li&amp;gt;&amp;lt;li&amp;gt;Please do not contact job poster about other services, products or commercial interests.&amp;lt;/li&amp;gt;&amp;lt;/ul&amp;gt;&amp;lt;!-- END CLTAGS --&amp;gt;&amp;lt;table summary="craigslist hosted images"&amp;gt;&amp;lt;tr&amp;gt;&amp;lt;td align="center"&amp;gt;&amp;lt;/td&amp;gt;&amp;lt;td align="center"&amp;gt;&amp;lt;/td&amp;gt;&amp;lt;/tr&amp;gt;&amp;lt;tr&amp;gt;&amp;lt;td align="center"&amp;gt;&amp;lt;/td&amp;gt;&amp;lt;td align="center"&amp;gt;&amp;lt;/td&amp;gt;&amp;lt;/tr&amp;gt;&amp;lt;/table&amp;gt;&amp;lt;/br&amp;gt;&amp;lt;/br&amp;gt;&amp;lt;/br&amp;gt;&amp;lt;/br&amp;gt;&amp;lt;/br&amp;gt;&amp;lt;/br&amp;gt;&amp;lt;/br&amp;gt;&amp;lt;/br&amp;gt;&amp;lt;/br&amp;gt;&amp;lt;/br&amp;gt;&amp;lt;/br&amp;gt;&amp;lt;/br&amp;gt;&amp;lt;/br&amp;gt;&amp;lt;/br&amp;gt;&amp;lt;/br&amp;gt;&amp;lt;/br&amp;gt;&amp;lt;/br&amp;gt;&amp;lt;/br&amp;gt;&amp;lt;/br&amp;gt;&amp;lt;/br&amp;gt;&amp;lt;/br&amp;gt;&amp;lt;/br&amp;gt;&amp;lt;/br&amp;gt;&amp;lt;/br&amp;gt;&amp;lt;/br&amp;gt;&amp;lt;/br&amp;gt;&amp;lt;/br&amp;gt;&amp;lt;/br&amp;gt;&amp;lt;/br&amp;gt;&amp;lt;/br&amp;gt;&amp;lt;/br&amp;gt;&amp;lt;/br&amp;gt;&amp;lt;/br&amp;gt;&amp;lt;/br&amp;gt;&amp;lt;/br&amp;gt;&amp;lt;/br&amp;gt;&amp;lt;/br&amp;gt;&lt;/Details&gt;
    &lt;Blurb&gt;
      &lt;Key&gt;Compensation&lt;/Key&gt;
      &lt;Value&gt;Highly competitive&lt;/Value&gt;
    &lt;/Blurb&gt;
  &lt;/Body&gt;
  &lt;Post datetime="2011-11-23,  4:15PM EST" href="https://accounts.craigslist.org/eaf?postingID=2717740937&amp;amp;amp;token=U2FsdGVkX18xNzQwNjE3NCsr7weYZryo7nu4Wjc8DBKbvx7BQwDi91zo7WCPknI32JxK7HZ3WoIkfOZSQ1Av_GVcTSYfdG1k" id="2717740937" contact="mailto:job-54kvj-2717740937@craigslist.org?subject=Software%20Quality%20Assurance%20Analyst%20%20(Lake%20Mary)&amp;amp;amp;body=%0A%0Ahttp%3A%2F%2Forlando.craigslist.org%2Fsof%2F2717740937.html%0A"&gt;
    &lt;Title&gt;Software Quality Assurance Analyst &lt;/Title&gt;
  &lt;/Post&gt;
  &lt;Body&gt;
    &lt;Details datetime=""&gt;
                  Looking for an exciting &amp;amp;amp; challenging software testing opportunity? Interested in working as part of a small but tight team, at a well-funded and market-ready company that is starting to expand? Prepared to commit to giving 110% in a fast-paced and rewarding environment? 
                    Then you might be the kind of person we need. We are a dynamic organization located in Lake Mary, FL -- part of the growing Orlando Metro area. Our company specializes in providing ticketing and financial software for major recreation and entertainment venues. Our clients include over 30 top theme parks, water parks, and zoos across North America. 
                      We seek a Quality Assurance Analyst who is ready and able to contribute to our QA testing team. Strong communication skills and the ability to work with a team are essential. We move quickly and are looking for someone with excellent problem-solving techniques, plus the ability to have great attention to detail in an Enterprise testing environment. We require self-starters who are able to adapt and are willing to learn the details of testing software in a fast paced software application environment. 
                          Job Description: 
                              The Software Quality Assurance professional will be responsible for testing new feature enhancements, software changes and bug fixes for accesso software applications. The person in this role will have knowledge of testing web based applications, database, and reporting systems as they apply to the Accesso SDLC. 
                                  Essential Functions of the Software Quality Assurance Analyst: 
                                    Develop, execute and document test plans, scenarios and test cases 
                                      for existing and new applications. 
                                        Automate test procedures where appropriate, that verify and validate the Accesso Shop, Services and Database. 
                                          Help to Maintain the Staging Server environment. 
                                            Support weekly updates and software loads to production servers. 
                                              Follow established processes for defect management using Test Track. 
                                                Interact with Software Engineers to understand application testing 
                                                  requirements. 
                                                    Interact with Account Managers and on occasion with the Accesso Clients to understand the objectives of software changes, product requirements or other application related needs in order to adequately facilitate the Quality Assurance process. 
                                                      Validate that the software being tested complies with OWASP guidelines and PCI Requirements. 
                                                        Develop knowledge of business processes facilitated by our software application in order to approach the Quality Assurance process with a firm understanding of the software and how it is used by our customers. 
                                                            Job Requirements: 
                                                                1-3 years experience within Software Quality Assurance (SQA) 
                                                                  position, preferably within multi-tier, enterprise software 
                                                                    environment. 
                                                                      1+ year experience setting up and troubleshooting the installation 
                                                                        of multi-tier, enterprise applications. 
                                                                          1+year of experience with at least one scripting language in a Linux or Windows environment. 
                                                                            1+ year experience with at least 1 high level programming language, 
                                                                              such as; C, C++, C#, VB, Java or other scripting language. 
                                                                                Some working knowledge of MySQL Server, T-SQL and 
                                                                                  demonstrated understanding of relational database architectures. 
                                                                                    1+ year experience of writing and executing test cases for reporting 
                                                                                      and web based systems. 
                                                                                        2+ year experience with Windows and Linux Operating System environments. 
                                                                                          Experience developing and executing test scripts for automation 
                                                                                            tools is a strong plus. 
                                                                                              Experience with defect management processes is a strong plus&amp;lt;!-- START CLTAGS --&amp;gt;&amp;lt;ul class="blurbs"&amp;gt;&amp;lt;li&amp;gt;&amp;lt;!-- CLTAG GeographicArea=Lake Mary --&amp;gt;Location: Lake Mary
                                                                                                      &amp;lt;/li&amp;gt;&amp;lt;li&amp;gt;&amp;lt;!-- CLTAG compensation=Negotiable --&amp;gt;Compensation: Negotiable
                                                                                                      &amp;lt;/li&amp;gt;&amp;lt;li&amp;gt;Principals only. Recruiters, please don&amp;amp;amp;apos;t contact this job poster.&amp;lt;/li&amp;gt;&amp;lt;li&amp;gt;Please, no phone calls about this job!&amp;lt;/li&amp;gt;&amp;lt;li&amp;gt;Please do not contact job poster about other services, products or commercial interests.&amp;lt;/li&amp;gt;&amp;lt;/ul&amp;gt;&amp;lt;!-- END CLTAGS --&amp;gt;&amp;lt;table summary="craigslist hosted images"&amp;gt;&amp;lt;tr&amp;gt;&amp;lt;td align="center"&amp;gt;&amp;lt;/td&amp;gt;&amp;lt;td align="center"&amp;gt;&amp;lt;/td&amp;gt;&amp;lt;/tr&amp;gt;&amp;lt;tr&amp;gt;&amp;lt;td align="center"&amp;gt;&amp;lt;/td&amp;gt;&amp;lt;td align="center"&amp;gt;&amp;lt;/td&amp;gt;&amp;lt;/tr&amp;gt;&amp;lt;/table&amp;gt;&amp;lt;/br&amp;gt;&amp;lt;/br&amp;gt;&amp;lt;/br&amp;gt;&amp;lt;/br&amp;gt;&amp;lt;/br&amp;gt;&amp;lt;/br&amp;gt;&amp;lt;/br&amp;gt;&amp;lt;/br&amp;gt;&amp;lt;/br&amp;gt;&amp;lt;/br&amp;gt;&amp;lt;/br&amp;gt;&amp;lt;/br&amp;gt;&amp;lt;/br&amp;gt;&amp;lt;/br&amp;gt;&amp;lt;/br&amp;gt;&amp;lt;/br&amp;gt;&amp;lt;/br&amp;gt;&amp;lt;/br&amp;gt;&amp;lt;/br&amp;gt;&amp;lt;/br&amp;gt;&amp;lt;/br&amp;gt;&amp;lt;/br&amp;gt;&amp;lt;/br&amp;gt;&amp;lt;/br&amp;gt;&amp;lt;/br&amp;gt;&amp;lt;/br&amp;gt;&amp;lt;/br&amp;gt;&amp;lt;/br&amp;gt;&amp;lt;/br&amp;gt;&amp;lt;/br&amp;gt;&amp;lt;/br&amp;gt;&amp;lt;/br&amp;gt;&amp;lt;/br&amp;gt;&amp;lt;/br&amp;gt;&amp;lt;/br&amp;gt;&amp;lt;/br&amp;gt;&amp;lt;/br&amp;gt;&amp;lt;/br&amp;gt;&amp;lt;/br&amp;gt;&amp;lt;/br&amp;gt;&amp;lt;/br&amp;gt;&lt;/Details&gt;
    &lt;Blurb&gt;
      &lt;Key&gt;Location&lt;/Key&gt;
      &lt;Value&gt;Lake Mary&lt;/Value&gt;
    &lt;/Blurb&gt;
    &lt;Blurb&gt;
      &lt;Key&gt;Compensation&lt;/Key&gt;
      &lt;Value&gt;Negotiable&lt;/Value&gt;
    &lt;/Blurb&gt;
  &lt;/Body&gt;
  &lt;Post datetime="2011-11-23,  3:52PM EST" href="https://accounts.craigslist.org/eaf?postingID=2717701079&amp;amp;amp;token=U2FsdGVkX18yNzE4ODI3MWOemAb9L4h5t8AwGGhjua7JKzc8nocMho2QGyuBN_QLyPJ85VpzMDPnuiRygCZ43imswASgKLym" id="2717701079" contact="mailto:dexter@bergconsultinggroup.com?subject=Programmer-VB.net%2C%20SQL%2C%20HTML%20(Orlando)&amp;amp;amp;body=%0A%0Ahttp%3A%2F%2Forlando.craigslist.org%2Fsof%2F2717701079.html%0A"&gt;
    &lt;Title&gt;Programmer-VB.net, SQL, HTML&lt;/Title&gt;
  &lt;/Post&gt;
  &lt;Body&gt;
    &lt;Details datetime=""&gt;
                  Fast growing profitable three-year-old company needs SHARP programmer with VB.net, Sql and html experience to write screen scrapers and help build our technology.  You MUST have minimum one year experience.  You will be tested and background checked before you are hired.  Prefer to have you in our offices in Altamonte Springs, FL (Orlando) but telecommute is possible if you have the right experience.  Currently have 4 employees and will need to double this in next few months.  Company is growing 20+% per month; very entrepreneurial, with the highest ethical standards.  Send your resume. &amp;lt;!-- START CLTAGS --&amp;gt;&amp;lt;ul class="blurbs"&amp;gt;&amp;lt;li&amp;gt;&amp;lt;!-- CLTAG GeographicArea=Orlando --&amp;gt;Location: Orlando
                        &amp;lt;/li&amp;gt;&amp;lt;li&amp;gt;&amp;lt;!-- CLTAG compensation=competitive --&amp;gt;Compensation: competitive
                        &amp;lt;/li&amp;gt;&amp;lt;li&amp;gt;&amp;lt;!-- CLTAG telecommuting=on --&amp;gt;Telecommuting is ok.
                        &amp;lt;/li&amp;gt;&amp;lt;li&amp;gt;&amp;lt;!-- CLTAG contract=on --&amp;gt;This is a contract job.
                        &amp;lt;/li&amp;gt;&amp;lt;li&amp;gt;&amp;lt;!-- CLTAG disability=on --&amp;gt;OK to highlight this job opening for persons with disabilities
                        &amp;lt;/li&amp;gt;&amp;lt;li&amp;gt;&amp;lt;!-- CLTAG recruitersOK=on --&amp;gt;OK for recruiters to contact this job poster.
                        &amp;lt;/li&amp;gt;&amp;lt;li&amp;gt;Please, no phone calls about this job!&amp;lt;/li&amp;gt;&amp;lt;li&amp;gt;Please do not contact job poster about other services, products or commercial interests.&amp;lt;/li&amp;gt;&amp;lt;/ul&amp;gt;&amp;lt;!-- END CLTAGS --&amp;gt;&amp;lt;table summary="craigslist hosted images"&amp;gt;&amp;lt;tr&amp;gt;&amp;lt;td align="center"&amp;gt;&amp;lt;/td&amp;gt;&amp;lt;td align="center"&amp;gt;&amp;lt;/td&amp;gt;&amp;lt;/tr&amp;gt;&amp;lt;tr&amp;gt;&amp;lt;td align="center"&amp;gt;&amp;lt;/td&amp;gt;&amp;lt;td align="center"&amp;gt;&amp;lt;/td&amp;gt;&amp;lt;/tr&amp;gt;&amp;lt;/table&amp;gt;&amp;lt;/br&amp;gt;&amp;lt;/br&amp;gt;&lt;/Details&gt;
    &lt;Blurb&gt;
      &lt;Key&gt;Location&lt;/Key&gt;
      &lt;Value&gt;Orlando&lt;/Value&gt;
    &lt;/Blurb&gt;
    &lt;Blurb&gt;
      &lt;Key&gt;Compensation&lt;/Key&gt;
      &lt;Value&gt;competitive&lt;/Value&gt;
    &lt;/Blurb&gt;
  &lt;/Body&gt;
  &lt;Post datetime="2011-11-23,  1:52PM EST" href="https://accounts.craigslist.org/eaf?postingID=2717483858&amp;amp;amp;token=U2FsdGVkX18zNjk1MzY5NQ0XYLWp4E-hAr_NESzuLaZGSPIkji8i5q0Psh87Ke8L3csmcsxw5lMxt5SfiQPHgMB8lr6-4wzb" id="2717483858" contact="mailto:job-rhem4-2717483858@craigslist.org?subject=Web%20Developer%2FBackend%20Engineer%20(San%20Francisco%2C%20CA)&amp;amp;amp;body=%0A%0Ahttp%3A%2F%2Forlando.craigslist.org%2Fsof%2F2717483858.html%0A"&gt;
    &lt;Title&gt;Web Developer/Backend Engineer&lt;/Title&gt;
  &lt;/Post&gt;
  &lt;Body&gt;
    &lt;Details datetime=""&gt;
                  ####
                    To Apply, please solve our challenge question here: &amp;lt;a href="http://www.codeeval.com/public_sc/53/" rel="nofollow"&amp;gt;http://www.codeeval.com/public_sc/53/&amp;lt;/a&amp;gt;
                      ####
                          Web Developer/Backend Engineer at an Early Stage Stealth Start-up
                            Helping people discover new experiences. 
                              We are a start-up located in San Francisco that helps people find new, unique experiences and activities in their city based on their interests and personality. Our team is focused on building great products that change the way people think about their free time.
                                We are an early-stage VC-funded company looking to bring on excellent talent with competitive salary and equity options. You will have a chance to work directly with the founders and be part of the core team (8-10 people). 
                                  We are looking for a backend engineer with the ability to build excellent web and/or mobile products. Real-world experience is preferred (this means you have worked on creating web products from start to finish - either in the professional setting or as side projects). 
                                      Required skills:
                                        + Willingness and ability to pick up new programming languages 
                                          + Ruby on Rails
                                            + Javascript/JQuery
                                              + CSS/HTML
                                                + MySQL
                                                  + Amazon Web Services
                                                    + UNIX/Linux
                                                      + Easy going
                                                          Bonus points:
                                                            + Web scraping technologies
                                                              + node.js
                                                                + Objective C (iOS dev)
                                                                  + Experience scaling servers (caching/optimization)
                                                                    + Machine learning
                                                                      You will work directly with the CTO, who handles most of the back-end programming, on a daily basis, and deploy product updates on a regular basis. Your responsibilities are primarily Rails programming, but you will be expected to work on whatever is necessary at the time. 
                                                                          If you fit the bill, solve our challenge here: &amp;lt;a href="http://www.codeeval.com/public_sc/53/" rel="nofollow"&amp;gt;http://www.codeeval.com/public_sc/53/&amp;lt;/a&amp;gt;&amp;lt;!-- START CLTAGS --&amp;gt;&amp;lt;ul class="blurbs"&amp;gt;&amp;lt;li&amp;gt;&amp;lt;!-- CLTAG GeographicArea=San Francisco, CA --&amp;gt;Location: San Francisco, CA
                                                                                &amp;lt;/li&amp;gt;&amp;lt;li&amp;gt;&amp;lt;!-- CLTAG compensation=Market Rate --&amp;gt;Compensation: Market Rate
                                                                                &amp;lt;/li&amp;gt;&amp;lt;li&amp;gt;Principals only. Recruiters, please don&amp;amp;amp;apos;t contact this job poster.&amp;lt;/li&amp;gt;&amp;lt;li&amp;gt;Please, no phone calls about this job!&amp;lt;/li&amp;gt;&amp;lt;li&amp;gt;Please do not contact job poster about other services, products or commercial interests.&amp;lt;/li&amp;gt;&amp;lt;/ul&amp;gt;&amp;lt;!-- END CLTAGS --&amp;gt;&amp;lt;table summary="craigslist hosted images"&amp;gt;&amp;lt;tr&amp;gt;&amp;lt;td align="center"&amp;gt;&amp;lt;/td&amp;gt;&amp;lt;td align="center"&amp;gt;&amp;lt;/td&amp;gt;&amp;lt;/tr&amp;gt;&amp;lt;tr&amp;gt;&amp;lt;td align="center"&amp;gt;&amp;lt;/td&amp;gt;&amp;lt;td align="center"&amp;gt;&amp;lt;/td&amp;gt;&amp;lt;/tr&amp;gt;&amp;lt;/table&amp;gt;&amp;lt;/br&amp;gt;&amp;lt;/br&amp;gt;&amp;lt;/br&amp;gt;&amp;lt;/br&amp;gt;&amp;lt;/br&amp;gt;&amp;lt;/br&amp;gt;&amp;lt;/br&amp;gt;&amp;lt;/br&amp;gt;&amp;lt;/br&amp;gt;&amp;lt;/br&amp;gt;&amp;lt;/br&amp;gt;&amp;lt;/br&amp;gt;&amp;lt;/br&amp;gt;&amp;lt;/br&amp;gt;&amp;lt;/br&amp;gt;&amp;lt;/br&amp;gt;&amp;lt;/br&amp;gt;&amp;lt;/br&amp;gt;&amp;lt;/br&amp;gt;&amp;lt;/br&amp;gt;&amp;lt;/br&amp;gt;&amp;lt;/br&amp;gt;&amp;lt;/br&amp;gt;&amp;lt;/br&amp;gt;&amp;lt;/br&amp;gt;&amp;lt;/br&amp;gt;&amp;lt;/br&amp;gt;&amp;lt;/br&amp;gt;&amp;lt;/br&amp;gt;&amp;lt;/br&amp;gt;&lt;/Details&gt;
    &lt;Blurb&gt;
      &lt;Key&gt;Location&lt;/Key&gt;
      &lt;Value&gt;San Francisco, CA&lt;/Value&gt;
    &lt;/Blurb&gt;
    &lt;Blurb&gt;
      &lt;Key&gt;Compensation&lt;/Key&gt;
      &lt;Value&gt;Market Rate&lt;/Value&gt;
    &lt;/Blurb&gt;
  &lt;/Body&gt;
  &lt;Post datetime="2011-11-23,  1:17PM EST" href="https://accounts.craigslist.org/eaf?postingID=2717416106&amp;amp;amp;token=U2FsdGVkX18yODY4Mjg2OO1emiJ0YGKJefAlwHNf0ZkLIaj5oyd7P3xmNHLeJy7tSjOChSEnNHqijMY7FzgqJ5U1ZXV2Pa-e" id="2717416106" contact="mailto:job-vw72t-2717416106@craigslist.org?subject=Sr.%20Web%20Engineer%20(San%20Francisco%2C%20CA)&amp;amp;amp;body=%0A%0Ahttp%3A%2F%2Forlando.craigslist.org%2Fsof%2F2717416106.html%0A"&gt;
    &lt;Title&gt;Sr. Web Engineer&lt;/Title&gt;
  &lt;/Post&gt;
  &lt;Body&gt;
    &lt;Details datetime=""&gt;
                  ##################
                    To Apply: solve this challenge: &amp;lt;a href="http://www.codeeval.com/public_sc/12/" rel="nofollow"&amp;gt;http://www.codeeval.com/public_sc/12/&amp;lt;/a&amp;gt;
                            ##################
                              Who we are
                                  Shopply is an internet startup that aims to simplify online shopping.
                                      We&amp;amp;amp;apos;re 2nd time entrepreneurs and were previously funded by Sequoia Capital and Eric Schmidt&amp;amp;amp;apos;s VC firm. We&amp;amp;amp;apos;re Stanford MBAs and Cornell CS Masters alums and we&amp;amp;amp;apos;ve worked at eBay, Google, McKinsey and Accenture.
                                          We&amp;amp;amp;apos;re in stealth and are targeting a big ($30+ billion) and growing market. We are now building out the product and have funding commitments from top tier investors.
                                              What&amp;amp;amp;apos;s like to work here
                                                  We are a fun team of entrepreneurs with a passion for building great companies. We believe we are here to make a huge impact on the world. Come meet us to find out more about how much fun you&amp;amp;amp;apos;ll have being a shopply-ite!&amp;lt;!-- START CLTAGS --&amp;gt;&amp;lt;ul class="blurbs"&amp;gt;&amp;lt;li&amp;gt;&amp;lt;!-- CLTAG GeographicArea=San Francisco, CA --&amp;gt;Location: San Francisco, CA
                                                        &amp;lt;/li&amp;gt;&amp;lt;li&amp;gt;&amp;lt;!-- CLTAG compensation=Market Rate --&amp;gt;Compensation: Market Rate
                                                        &amp;lt;/li&amp;gt;&amp;lt;li&amp;gt;Principals only. Recruiters, please don&amp;amp;amp;apos;t contact this job poster.&amp;lt;/li&amp;gt;&amp;lt;li&amp;gt;Please, no phone calls about this job!&amp;lt;/li&amp;gt;&amp;lt;li&amp;gt;Please do not contact job poster about other services, products or commercial interests.&amp;lt;/li&amp;gt;&amp;lt;/ul&amp;gt;&amp;lt;!-- END CLTAGS --&amp;gt;&amp;lt;table summary="craigslist hosted images"&amp;gt;&amp;lt;tr&amp;gt;&amp;lt;td align="center"&amp;gt;&amp;lt;/td&amp;gt;&amp;lt;td align="center"&amp;gt;&amp;lt;/td&amp;gt;&amp;lt;/tr&amp;gt;&amp;lt;tr&amp;gt;&amp;lt;td align="center"&amp;gt;&amp;lt;/td&amp;gt;&amp;lt;td align="center"&amp;gt;&amp;lt;/td&amp;gt;&amp;lt;/tr&amp;gt;&amp;lt;/table&amp;gt;&amp;lt;/br&amp;gt;&amp;lt;/br&amp;gt;&amp;lt;/br&amp;gt;&amp;lt;/br&amp;gt;&amp;lt;/br&amp;gt;&amp;lt;/br&amp;gt;&amp;lt;/br&amp;gt;&amp;lt;/br&amp;gt;&amp;lt;/br&amp;gt;&amp;lt;/br&amp;gt;&amp;lt;/br&amp;gt;&amp;lt;/br&amp;gt;&amp;lt;/br&amp;gt;&amp;lt;/br&amp;gt;&amp;lt;/br&amp;gt;&amp;lt;/br&amp;gt;&amp;lt;/br&amp;gt;&amp;lt;/br&amp;gt;&lt;/Details&gt;
    &lt;Blurb&gt;
      &lt;Key&gt;Location&lt;/Key&gt;
      &lt;Value&gt;San Francisco, CA&lt;/Value&gt;
    &lt;/Blurb&gt;
    &lt;Blurb&gt;
      &lt;Key&gt;Compensation&lt;/Key&gt;
      &lt;Value&gt;Market Rate&lt;/Value&gt;
    &lt;/Blurb&gt;
  &lt;/Body&gt;
  &lt;Post datetime="2011-11-23, 11:57AM EST" href="https://accounts.craigslist.org/eaf?postingID=2717266061&amp;amp;amp;token=U2FsdGVkX18zOTg3Mzk4Nh5dfDzix0iAIjYJH2b45B2qWnXf01_-XWRXDT3DozyX-Q943hOkWDHdEtbSAANv4blWpT9e9dTA" id="2717266061" contact="mailto:theconnollygroup@gmail.com?subject=PHP%20Developer%20(DeLand%2C%20FL)&amp;amp;amp;body=%0A%0Ahttp%3A%2F%2Forlando.craigslist.org%2Fsof%2F2717266061.html%0A"&gt;
    &lt;Title&gt;PHP Developer&lt;/Title&gt;
  &lt;/Post&gt;
  &lt;Body&gt;
    &lt;Details datetime=""&gt;
                  Growing Start up technology company is looking for talented, creative and technically proficient developers to join 
                    our team. We develop custom web and mobile applications on the cutting edge of digital technology. The following 
                      is the job description.
                          PHP and Javascript developer. PHP experience using objects, classes, multi-leveled arrays, curl, and other 
                            advanced concepts. Javascript experience using Prototype toolkit with Scriptaculous along with knowledge of REST 
                              communications and JSON object responses is a plus. Advanced HTML and CSS knowledge is also necessary. 
                                Must have excellent problem-solving capabilities and an ability to work quickly in a completely custom and 
                                  continually changing and exciting development environment. Knowledge of implementing mySQL queries is a 
                                    definite plus.&amp;lt;!-- START CLTAGS --&amp;gt;&amp;lt;ul class="blurbs"&amp;gt;&amp;lt;li&amp;gt;&amp;lt;!-- CLTAG GeographicArea=DeLand, FL --&amp;gt;Location: DeLand, FL
                                          &amp;lt;/li&amp;gt;&amp;lt;li&amp;gt;&amp;lt;!-- CLTAG compensation=TBD --&amp;gt;Compensation: TBD
                                          &amp;lt;/li&amp;gt;&amp;lt;li&amp;gt;Principals only. Recruiters, please don&amp;amp;amp;apos;t contact this job poster.&amp;lt;/li&amp;gt;&amp;lt;li&amp;gt;Please, no phone calls about this job!&amp;lt;/li&amp;gt;&amp;lt;li&amp;gt;Please do not contact job poster about other services, products or commercial interests.&amp;lt;/li&amp;gt;&amp;lt;/ul&amp;gt;&amp;lt;!-- END CLTAGS --&amp;gt;&amp;lt;table summary="craigslist hosted images"&amp;gt;&amp;lt;tr&amp;gt;&amp;lt;td align="center"&amp;gt;&amp;lt;/td&amp;gt;&amp;lt;td align="center"&amp;gt;&amp;lt;/td&amp;gt;&amp;lt;/tr&amp;gt;&amp;lt;tr&amp;gt;&amp;lt;td align="center"&amp;gt;&amp;lt;/td&amp;gt;&amp;lt;td align="center"&amp;gt;&amp;lt;/td&amp;gt;&amp;lt;/tr&amp;gt;&amp;lt;/table&amp;gt;&amp;lt;/br&amp;gt;&amp;lt;/br&amp;gt;&amp;lt;/br&amp;gt;&amp;lt;/br&amp;gt;&amp;lt;/br&amp;gt;&amp;lt;/br&amp;gt;&amp;lt;/br&amp;gt;&amp;lt;/br&amp;gt;&amp;lt;/br&amp;gt;&amp;lt;/br&amp;gt;&amp;lt;/br&amp;gt;&lt;/Details&gt;
    &lt;Blurb&gt;
      &lt;Key&gt;Location&lt;/Key&gt;
      &lt;Value&gt;DeLand, FL&lt;/Value&gt;
    &lt;/Blurb&gt;
    &lt;Blurb&gt;
      &lt;Key&gt;Compensation&lt;/Key&gt;
      &lt;Value&gt;TBD&lt;/Value&gt;
    &lt;/Blurb&gt;
  &lt;/Body&gt;
  &lt;Post datetime="2011-11-23, 12:50AM EST" href="https://accounts.craigslist.org/eaf?postingID=2690917050&amp;amp;amp;token=U2FsdGVkX18yNzE4ODI3MWOemAb9L4h5t8AwGGhjua7JKzc8nocMho2QGyuBN_QLByUnzHrfChdqW1WL6HWrQqV588sIo2le" id="2690917050" contact="mailto:job-9uuwr-2690917050@craigslist.org?subject=Asterisk%20FreePBX%20(Oviedo)&amp;amp;amp;body=%0A%0Ahttp%3A%2F%2Forlando.craigslist.org%2Fsof%2F2690917050.html%0A"&gt;
    &lt;Title&gt;Asterisk FreePBX&lt;/Title&gt;
  &lt;/Post&gt;
  &lt;Body&gt;
    &lt;Details datetime=""&gt;
                  This is for locals only, I need someone to be available to come into the office and help in Elastix setup..
                      The right person is experienced with Asterisk, FreePBX, Elastix, Trixbox.VOIP PBX Systems
                        We need someone who has the experience with the above VOIP installations including networking and securing networks.
                          We are in the start up phase of offering the above mentioned PBX systems.
                            Experience with website programming and experience with OSCommerce shopping cart would also be an advantage but not a criteria.
                                Please respond showing experience and examples of work done.
                                  Please include phone number and other contact information.
                                      This is for locals only, we need someone to be available to come into the office at times..&amp;lt;!-- START CLTAGS --&amp;gt;&amp;lt;ul class="blurbs"&amp;gt;&amp;lt;li&amp;gt;&amp;lt;!-- CLTAG GeographicArea=Oviedo --&amp;gt;Location: Oviedo
                                            &amp;lt;/li&amp;gt;&amp;lt;li&amp;gt;&amp;lt;!-- CLTAG compensation=Contracts and Depends on experience. Please state expected renumeration --&amp;gt;Compensation: Contracts and Depends on experience. Please state expected renumeration
                                            &amp;lt;/li&amp;gt;&amp;lt;li&amp;gt;&amp;lt;!-- CLTAG partTime=on --&amp;gt;This is a part-time job.
                                            &amp;lt;/li&amp;gt;&amp;lt;li&amp;gt;Principals only. Recruiters, please don&amp;amp;amp;apos;t contact this job poster.&amp;lt;/li&amp;gt;&amp;lt;li&amp;gt;Please, no phone calls about this job!&amp;lt;/li&amp;gt;&amp;lt;li&amp;gt;Please do not contact job poster about other services, products or commercial interests.&amp;lt;/li&amp;gt;&amp;lt;/ul&amp;gt;&amp;lt;!-- END CLTAGS --&amp;gt;&amp;lt;table summary="craigslist hosted images"&amp;gt;&amp;lt;tr&amp;gt;&amp;lt;td align="center"&amp;gt;&amp;lt;/td&amp;gt;&amp;lt;td align="center"&amp;gt;&amp;lt;/td&amp;gt;&amp;lt;/tr&amp;gt;&amp;lt;tr&amp;gt;&amp;lt;td align="center"&amp;gt;&amp;lt;/td&amp;gt;&amp;lt;td align="center"&amp;gt;&amp;lt;/td&amp;gt;&amp;lt;/tr&amp;gt;&amp;lt;/table&amp;gt;&amp;lt;/br&amp;gt;&amp;lt;/br&amp;gt;&amp;lt;/br&amp;gt;&amp;lt;/br&amp;gt;&amp;lt;/br&amp;gt;&amp;lt;/br&amp;gt;&amp;lt;/br&amp;gt;&amp;lt;/br&amp;gt;&amp;lt;/br&amp;gt;&amp;lt;/br&amp;gt;&amp;lt;/br&amp;gt;&amp;lt;/br&amp;gt;&lt;/Details&gt;
    &lt;Blurb&gt;
      &lt;Key&gt;Location&lt;/Key&gt;
      &lt;Value&gt;Oviedo&lt;/Value&gt;
    &lt;/Blurb&gt;
    &lt;Blurb&gt;
      &lt;Key&gt;Compensation&lt;/Key&gt;
      &lt;Value&gt;Contracts and Depends on experience. Please state expected renumeration&lt;/Value&gt;
    &lt;/Blurb&gt;
  &lt;/Body&gt;
  &lt;Post datetime="2011-11-22,  3:07PM EST" href="https://accounts.craigslist.org/eaf?postingID=2715969373&amp;amp;amp;token=U2FsdGVkX18xNzQwNjE3NCsr7weYZryo7nu4Wjc8DBKbvx7BQwDi91zo7WCPknI3iF32844E_Mn7pHuoqEfy2Wx7-_OSpfGf" id="2715969373" contact="mailto:job-yvsvn-2715969373@craigslist.org?subject=Software%20Engineer%20level%20II(C%2B%2B%20and%20Java)%20(Olrando%2C%20FL)&amp;amp;amp;body=%0A%0Ahttp%3A%2F%2Forlando.craigslist.org%2Fsof%2F2715969373.html%0A"&gt;
    &lt;Title&gt;Software Engineer level II(C++ and Java)&lt;/Title&gt;
  &lt;/Post&gt;
  &lt;Body&gt;
    &lt;Details datetime=""&gt;
                  $65k-$77k
                    Description:
                      The candidate will be a mid level software developer to support the design, development, integration and test of software for simulation/gaming applications in support of military/commercial training.
                        Responsibilities:
                          Possesses and applies a broad knowledge of principles, practices, and procedures of software development to the completion of assignments.
                            Works on the overall design and development of software products as well as software applications.
                              Responsible for establishing, conducting, and documenting software testing based on customer requirements.
                                Develops new software engineering methods or processes, and re-evaluate existing processes.
                                  Able to work in a fast-paced production environment with ability to handle multiple competing tasks and demands simultaneously.
                                    Understands and adheres to cost targets established during the program design phase.
                                      Provides documentation of work and results.
                                        Review projects tasks against the schedule and provides status reports to the Program Manager.
                                          Work as part of a software development team.
                                            Implementation and application of sound configuration management processes and adherence to software CM and development policy and procedures.
                                              Able to travel to customer locations to support contractual commitments including data collection, program reviews, software development, software deliveries, installation and test.
                                                Complete assigned projects within estimated cost, schedule commitments, and verify they meet or exceed the contractual reliability and performance requirements.
                                                  Supports development and executing of project plans as directed by the Program Manager.
                                                    Monitor and manage program schedules to ensure timely completion of tasks.
                                                      Maintains a schedule related to assigned task status and completion dates.
                                                        Supplement existing engineering staff in development, integration &amp;amp;amp; test of simulation software and systems.
                                                          Support proposal efforts to include estimating level of effort for the design, development, and testing of software.
                                                            Responsible for completion of tasks on schedule and within budget.
                                                              Keep programs and managers aware of task status.
                                                                Support and utilize defined processes and procedures to facilitate program objectives.
                                                                  Mentoring junior software engineers.
                                                                    Support new business development efforts.
                                                                      Tasks:
                                                                        Design, modify, develop, implement, and test software applications with minimal direction.
                                                                          Work with team members to support project software development.
                                                                            Research, evaluation, development and application of new process and methods into software products.
                                                                              Design software test criteria/procedures and verify functionality and performance.
                                                                                Supports and/or install software applications/operating systems.
                                                                                  Participates in the testing process through test review and analysis, test witnessing and verification of software.
                                                                                    Support the review of customer??s specification and other documentation to determine software engineering requirements and develop the appropriate software design to satisfy those requirements.
                                                                                      Reviews and analyzes system specifications related to software development.
                                                                                        Analyzes existing systems and subsystems for reusability benefits and needed changes.
                                                                                          Support design documentation development.
                                                                                            Participate in presentations of technical findings, design, and development.
                                                                                              Develop detailed design documentation consistent with industry standards.
                                                                                                Support proposal development efforts.
                                                                                                  Maintains the AVT software CM repositories as well as serve as administrator for the system as required.
                                                                                                    Support installation efforts that will require travel CONUS and OCONUS.
                                                                                                      Support special assignments and demonstrations as required.
                                                                                                        Experience:
                                                                                                          At least 5 - 10 years of professional software development experience in the modeling and simulation field is required.
                                                                                                            Experience shall include software design, development, integration, and testing.
                                                                                                              Experience in software testing both internally and with customers is required.
                                                                                                                Software design (UML, class diagrams, and sequence diagrams) and documentation experience required.
                                                                                                                  Experience with software CM tools required, Subversion desired.
                                                                                                                    This position requires someone who has experience and capability to write software using C++ and Java for Linux and Windows Operation Systems.
                                                                                                                      Experience with C4I, specifically C2 systems is desired.
                                                                                                                        Familiarity with USMC Joint Tactical Common Operational Picture is desirable.
                                                                                                                          Experience with Combat Operations Center (COC) Capability Set (CS) and Tactical Combat Operations (TCO) Program of Record (PoR) workstation solutions. Specific tasks will generally include:
                                                                                                                            - Working Problem Trouble Reports (PTR)/Software Trouble Reports
                                                                                                                              (STR)
                                                                                                                                - Build Management
                                                                                                                                  Military training and simulation background/experience.
                                                                                                                                    Experience with: LINUX, Windows XP, DIS v7, C++, JAVA, XML, VBS2, OneSAF
                                                                                                                                      Desirable:
                                                                                                                                        HLA experience
                                                                                                                                          Familiarity with the following: TRAC, OpenGL, 3D game development
                                                                                                                                            CACCTUS Experience
                                                                                                                                              Education:
                                                                                                                                                Completion of a full course of study in an accredited college or university leading to a Bachelor&amp;amp;amp;apos;s or higher degree in computer science, computer engineering or a related field.
                                                                                                                                                  Substitution:
                                                                                                                                                    Four (4) years of professional experience can be substituted for two (2) years of the educational requirements.
                                                                                                                                                      * US Government security clearance will be required. &amp;lt;!-- START CLTAGS --&amp;gt;&amp;lt;ul class="blurbs"&amp;gt;&amp;lt;li&amp;gt;&amp;lt;!-- CLTAG GeographicArea=Olrando, FL --&amp;gt;Location: Olrando, FL
                                                                                                                                                            &amp;lt;/li&amp;gt;&amp;lt;li&amp;gt;&amp;lt;!-- CLTAG compensation=$65k-$75k --&amp;gt;Compensation: $65k-$75k
                                                                                                                                                            &amp;lt;/li&amp;gt;&amp;lt;li&amp;gt;Principals only. Recruiters, please don&amp;amp;amp;apos;t contact this job poster.&amp;lt;/li&amp;gt;&amp;lt;li&amp;gt;Please, no phone calls about this job!&amp;lt;/li&amp;gt;&amp;lt;li&amp;gt;Please do not contact job poster about other services, products or commercial interests.&amp;lt;/li&amp;gt;&amp;lt;/ul&amp;gt;&amp;lt;!-- END CLTAGS --&amp;gt;&amp;lt;table summary="craigslist hosted images"&amp;gt;&amp;lt;tr&amp;gt;&amp;lt;td align="center"&amp;gt;&amp;lt;/td&amp;gt;&amp;lt;td align="center"&amp;gt;&amp;lt;/td&amp;gt;&amp;lt;/tr&amp;gt;&amp;lt;tr&amp;gt;&amp;lt;td align="center"&amp;gt;&amp;lt;/td&amp;gt;&amp;lt;td align="center"&amp;gt;&amp;lt;/td&amp;gt;&amp;lt;/tr&amp;gt;&amp;lt;/table&amp;gt;&amp;lt;/br&amp;gt;&amp;lt;/br&amp;gt;&amp;lt;/br&amp;gt;&amp;lt;/br&amp;gt;&amp;lt;/br&amp;gt;&amp;lt;/br&amp;gt;&amp;lt;/br&amp;gt;&amp;lt;/br&amp;gt;&amp;lt;/br&amp;gt;&amp;lt;/br&amp;gt;&amp;lt;/br&amp;gt;&amp;lt;/br&amp;gt;&amp;lt;/br&amp;gt;&amp;lt;/br&amp;gt;&amp;lt;/br&amp;gt;&amp;lt;/br&amp;gt;&amp;lt;/br&amp;gt;&amp;lt;/br&amp;gt;&amp;lt;/br&amp;gt;&amp;lt;/br&amp;gt;&amp;lt;/br&amp;gt;&amp;lt;/br&amp;gt;&amp;lt;/br&amp;gt;&amp;lt;/br&amp;gt;&amp;lt;/br&amp;gt;&amp;lt;/br&amp;gt;&amp;lt;/br&amp;gt;&amp;lt;/br&amp;gt;&amp;lt;/br&amp;gt;&amp;lt;/br&amp;gt;&amp;lt;/br&amp;gt;&amp;lt;/br&amp;gt;&amp;lt;/br&amp;gt;&amp;lt;/br&amp;gt;&amp;lt;/br&amp;gt;&amp;lt;/br&amp;gt;&amp;lt;/br&amp;gt;&amp;lt;/br&amp;gt;&amp;lt;/br&amp;gt;&amp;lt;/br&amp;gt;&amp;lt;/br&amp;gt;&amp;lt;/br&amp;gt;&amp;lt;/br&amp;gt;&amp;lt;/br&amp;gt;&amp;lt;/br&amp;gt;&amp;lt;/br&amp;gt;&amp;lt;/br&amp;gt;&amp;lt;/br&amp;gt;&amp;lt;/br&amp;gt;&amp;lt;/br&amp;gt;&amp;lt;/br&amp;gt;&amp;lt;/br&amp;gt;&amp;lt;/br&amp;gt;&amp;lt;/br&amp;gt;&amp;lt;/br&amp;gt;&amp;lt;/br&amp;gt;&amp;lt;/br&amp;gt;&amp;lt;/br&amp;gt;&amp;lt;/br&amp;gt;&amp;lt;/br&amp;gt;&amp;lt;/br&amp;gt;&amp;lt;/br&amp;gt;&amp;lt;/br&amp;gt;&amp;lt;/br&amp;gt;&amp;lt;/br&amp;gt;&amp;lt;/br&amp;gt;&amp;lt;/br&amp;gt;&amp;lt;/br&amp;gt;&lt;/Details&gt;
    &lt;Blurb&gt;
      &lt;Key&gt;Location&lt;/Key&gt;
      &lt;Value&gt;Olrando, FL&lt;/Value&gt;
    &lt;/Blurb&gt;
    &lt;Blurb&gt;
      &lt;Key&gt;Compensation&lt;/Key&gt;
      &lt;Value&gt;$65k-$75k&lt;/Value&gt;
    &lt;/Blurb&gt;
  &lt;/Body&gt;
  &lt;Post datetime="2011-11-22,  2:49PM EST" href="https://accounts.craigslist.org/eaf?postingID=2681250179&amp;amp;amp;token=U2FsdGVkX182NzI1NjcyNflS-pIvfBVYAdglWBRGYlNpP6eE7hTJaxfnHkX_gFyKs2xUNndjD-jZLsrSSYHuHNQwtsoLmrfN" id="2681250179" contact="mailto:job-hrfra-2681250179@craigslist.org?subject=Java%20Application%20Tester%2010274%20(Orlando)&amp;amp;amp;body=%0A%0Ahttp%3A%2F%2Forlando.craigslist.org%2Fsof%2F2681250179.html%0A"&gt;
    &lt;Title&gt;Java Application Tester 10274&lt;/Title&gt;
  &lt;/Post&gt;
  &lt;Body&gt;
    &lt;Details datetime=""&gt;
                  Seeking a Java Application Tester for a 3 month contract with a major international firm.  This position is in the Regional Company - Siemens Corporation - Global Shared Services business unit.
                      JOB DESCRIPTION
                          Debugs complex software products through the use of systematic tests to develop, apply and maintain quality standards for company products. 
                            Develops and executes complex software test plans. 
                              Analyzes and writes complex test standards and procedures. 
                                Completes and maintains documentation of test results to assist in debugging and modification of complex software. 
                                  Performs analysis of test results to ensure functionality and recommends corrective action. 
                                    Completes the logging, tracking, communication, and resolution of issues. 
                                          REQUIREMENTS
                                              BS/BA in related discipline, or advanced degree, where required, or equivalent combination of education and experience. 
                                                2+ years of successful experience using automated testing frameworks.
                                                  2+ years of experience creating test plans and test cases.
                                                    Knowledge and/or experience with custom Java applications and understanding SQL is required.
                                                      Crystal Reports experience is a plus.
                                                            This is a drug free workplace.  Selected candidates will be required to pass a drug screen and background check.
                                                                  If you are interested, please send your resume, cover letter, and 2 references that can be verified by phone and email.  Only qualified candidates will be contacted!  No H1B processing is available.
                                                                        Requisition: 10274
                                                                          Location: Orlando, FL
                                                                            Job Title: Java Application Tester
                                                                              Pay Rate: $ 38.84 / hr
                                                                                Assignment Duration:  3 month contract.
                                                                                      PLEASE USE THE FOLLOWING SUBJECT LINE FOR ALL EMAIL
                                                                                          10274 -- Java Application Tester -- Your Name&amp;lt;!-- START CLTAGS --&amp;gt;&amp;lt;ul class="blurbs"&amp;gt;&amp;lt;li&amp;gt;&amp;lt;!-- CLTAG GeographicArea=Orlando --&amp;gt;Location: Orlando
                                                                                                    &amp;lt;/li&amp;gt;&amp;lt;li&amp;gt;&amp;lt;!-- CLTAG compensation=$ 38.84 / hr --&amp;gt;Compensation: $ 38.84 / hr
                                                                                                    &amp;lt;/li&amp;gt;&amp;lt;li&amp;gt;&amp;lt;!-- CLTAG contract=on --&amp;gt;This is a contract job.
                                                                                                    &amp;lt;/li&amp;gt;&amp;lt;li&amp;gt;Principals only. Recruiters, please don&amp;amp;amp;apos;t contact this job poster.&amp;lt;/li&amp;gt;&amp;lt;li&amp;gt;Please, no phone calls about this job!&amp;lt;/li&amp;gt;&amp;lt;li&amp;gt;Please do not contact job poster about other services, products or commercial interests.&amp;lt;/li&amp;gt;&amp;lt;/ul&amp;gt;&amp;lt;!-- END CLTAGS --&amp;gt;&amp;lt;table summary="craigslist hosted images"&amp;gt;&amp;lt;tr&amp;gt;&amp;lt;td align="center"&amp;gt;&amp;lt;/td&amp;gt;&amp;lt;td align="center"&amp;gt;&amp;lt;/td&amp;gt;&amp;lt;/tr&amp;gt;&amp;lt;tr&amp;gt;&amp;lt;td align="center"&amp;gt;&amp;lt;/td&amp;gt;&amp;lt;td align="center"&amp;gt;&amp;lt;/td&amp;gt;&amp;lt;/tr&amp;gt;&amp;lt;/table&amp;gt;&amp;lt;/br&amp;gt;&amp;lt;/br&amp;gt;&amp;lt;/br&amp;gt;&amp;lt;/br&amp;gt;&amp;lt;/br&amp;gt;&amp;lt;/br&amp;gt;&amp;lt;/br&amp;gt;&amp;lt;/br&amp;gt;&amp;lt;/br&amp;gt;&amp;lt;/br&amp;gt;&amp;lt;/br&amp;gt;&amp;lt;/br&amp;gt;&amp;lt;/br&amp;gt;&amp;lt;/br&amp;gt;&amp;lt;/br&amp;gt;&amp;lt;/br&amp;gt;&amp;lt;/br&amp;gt;&amp;lt;/br&amp;gt;&amp;lt;/br&amp;gt;&amp;lt;/br&amp;gt;&amp;lt;/br&amp;gt;&amp;lt;/br&amp;gt;&amp;lt;/br&amp;gt;&amp;lt;/br&amp;gt;&amp;lt;/br&amp;gt;&amp;lt;/br&amp;gt;&amp;lt;/br&amp;gt;&amp;lt;/br&amp;gt;&amp;lt;/br&amp;gt;&amp;lt;/br&amp;gt;&amp;lt;/br&amp;gt;&amp;lt;/br&amp;gt;&amp;lt;/br&amp;gt;&amp;lt;/br&amp;gt;&amp;lt;/br&amp;gt;&amp;lt;/br&amp;gt;&amp;lt;/br&amp;gt;&amp;lt;/br&amp;gt;&amp;lt;/br&amp;gt;&amp;lt;/br&amp;gt;&lt;/Details&gt;
    &lt;Blurb&gt;
      &lt;Key&gt;Location&lt;/Key&gt;
      &lt;Value&gt;Orlando&lt;/Value&gt;
    &lt;/Blurb&gt;
    &lt;Blurb&gt;
      &lt;Key&gt;Compensation&lt;/Key&gt;
      &lt;Value&gt;$ 38.84 / hr&lt;/Value&gt;
    &lt;/Blurb&gt;
  &lt;/Body&gt;
&lt;/Posts&gt;</StdOut>
      </Output>
    </UnitTestResult>
  </Results>
</TestRun>