<?xml version="1.0" encoding="UTF-8"?>
<TestRun id="215a1b1b-d381-45f4-b422-82a0ba411a4e" name="Administrator@WIN-RNMUH95F9U1 2012-01-10 06:14:52" runUser="WIN-RNMUH95F9U1\Administrator" xmlns="http://microsoft.com/schemas/VisualStudio/TeamTest/2010">
  <TestSettings name="Local" id="0cd03c8d-b04e-44e0-89e7-79f70e91391f">
    <Description>These are default test settings for a local test run.</Description>
    <Deployment runDeploymentRoot="Administrator_WIN-RNMUH95F9U1 2012-01-10 06_14_52">
      <DeploymentItem filename="packages\EnterpriseLibrary.Logging.5.0.505.1\lib\NET35\Microsoft.Practices.EnterpriseLibrary.Logging.dll" />
      <DeploymentItem filename="packages\Unity.Interception.2.1.505.0\lib\NET35\Microsoft.Practices.Unity.Interception.Configuration.dll" />
      <DeploymentItem filename="packages\EnterpriseLibrary.Common.5.0.505.0\lib\NET35\Microsoft.Practices.EnterpriseLibrary.Common.dll" />
      <DeploymentItem filename="packages\Unity.Interception.2.1.505.0\lib\NET35\Microsoft.Practices.Unity.Interception.dll" />
      <DeploymentItem filename="C:\Projects\Urbana\Marketing\packages\Unity.Interception.2.1.505.0\lib\NET35\Microsoft.Practices.Unity.Interception.dll" />
      <DeploymentItem filename="C:\Projects\Urbana\Marketing\Marketing.WorkflowActivities\bin\Debug\Marketing.WorkflowActivities.dll" />
      <DeploymentItem filename="packages\Unity.2.1.505.0\lib\NET35\Microsoft.Practices.Unity.Configuration.dll" />
      <DeploymentItem filename="C:\Projects\Urbana\Marketing\packages\Unity.2.1.505.0\lib\NET35\Microsoft.Practices.Unity.dll" />
      <DeploymentItem filename="C:\Projects\Urbana\Marketing\Marketing.Utils\bin\Debug\Marketing.Utils.dll" />
      <DeploymentItem filename="C:\Projects\Urbana\Marketing\Marketing.Data\bin\Debug\Marketing.Data.dll" />
      <DeploymentItem filename="C:\Projects\Urbana\Marketing\packages\CommonServiceLocator.1.0\lib\NET35\Microsoft.Practices.ServiceLocation.dll" />
      <DeploymentItem filename="C:\Projects\Urbana\Marketing\packages\EnterpriseLibrary.Common.5.0.505.0\lib\NET35\Microsoft.Practices.EnterpriseLibrary.Common.dll" />
      <DeploymentItem filename="C:\Projects\Urbana\Marketing\packages\Unity.Interception.2.1.505.0\lib\NET35\Microsoft.Practices.Unity.Interception.Configuration.dll" />
      <DeploymentItem filename="C:\Projects\Urbana\Marketing\Dependencies\Common.Net.Interfaces.dll" />
      <DeploymentItem filename="packages\Unity.2.1.505.0\lib\NET35\Microsoft.Practices.Unity.dll" />
      <DeploymentItem filename="packages\CommonServiceLocator.1.0\lib\NET35\Microsoft.Practices.ServiceLocation.dll" />
      <DeploymentItem filename="C:\Projects\Urbana\Marketing\Dependencies\Common.Net.dll" />
      <DeploymentItem filename="C:\Projects\Urbana\Marketing\Dependencies\Common.Types.dll" />
      <DeploymentItem filename="C:\Projects\Urbana\Marketing\packages\EnterpriseLibrary.Logging.5.0.505.1\lib\NET35\Microsoft.Practices.EnterpriseLibrary.Logging.dll" />
      <DeploymentItem filename="C:\Projects\Urbana\Marketing\packages\Unity.2.1.505.0\lib\NET35\Microsoft.Practices.Unity.Configuration.dll" />
    </Deployment>
    <Execution>
      <TestTypeSpecific>
        <UnitTestRunConfig testTypeId="13cdc9d9-ddb5-4fa4-a97d-d965ccfc6d4b">
          <AssemblyResolution applicationBaseDirectory="%HOMEDRIVE%\Projects\Urbana\Marketing\Marketing.Tests\bin\Debug">
            <TestDirectory useLoadContext="true" />
          </AssemblyResolution>
        </UnitTestRunConfig>
        <WebTestRunConfiguration testTypeId="4e7599fa-5ecb-43e9-a887-cd63cf72d207">
          <Browser name="Internet Explorer 7.0">
            <Headers>
              <Header name="User-Agent" value="Mozilla/4.0 (compatible; MSIE 7.0; Windows NT 5.1)" />
              <Header name="Accept" value="*/*" />
              <Header name="Accept-Language" value="{{$IEAcceptLanguage}}" />
              <Header name="Accept-Encoding" value="GZIP" />
            </Headers>
          </Browser>
        </WebTestRunConfiguration>
      </TestTypeSpecific>
      <AgentRule name="LocalMachineDefaultRole">
      </AgentRule>
    </Execution>
  </TestSettings>
  <Times creation="2012-01-10T06:14:52.4251406-05:00" queuing="2012-01-10T06:14:56.3831484-05:00" start="2012-01-10T06:14:56.3987734-05:00" finish="2012-01-10T06:14:57.5179140-05:00" />
  <ResultSummary outcome="Failed">
    <Counters total="1" executed="1" error="0" failed="1" timeout="0" aborted="0" inconclusive="0" passedButRunAborted="0" notRunnable="0" notExecuted="0" disconnected="0" warning="0" passed="0" completed="0" inProgress="0" pending="0" />
    <RunInfos>
      <RunInfo computerName="WIN-RNMUH95F9U1" outcome="Warning" timestamp="2012-01-10T06:14:56.3821718-05:00">
        <Text>Warning: Test Run deployment issue: The assembly or module 'Microsoft.Practices.Unity.Interception' directly or indirectly referenced by deployment item 'packages\EnterpriseLibrary.Common.5.0.505.0\lib\NET35\Microsoft.Practices.EnterpriseLibrary.Common.dll' specified by the test settings was not found.</Text>
      </RunInfo>
      <RunInfo computerName="WIN-RNMUH95F9U1" outcome="Warning" timestamp="2012-01-10T06:14:56.3821718-05:00">
        <Text>Warning: Test Run deployment issue: The assembly or module 'Microsoft.Practices.ServiceLocation' directly or indirectly referenced by deployment item 'packages\Unity.2.1.505.0\lib\NET35\Microsoft.Practices.Unity.dll' specified by the test settings was not found.</Text>
      </RunInfo>
    </RunInfos>
  </ResultSummary>
  <TestDefinitions>
    <UnitTest name="RunActivity" storage="c:\projects\urbana\marketing\marketing.tests\bin\debug\marketing.tests.dll" id="6f728e12-6235-f7f0-264e-f1aa35850d58">
      <Execution id="45c29a26-1adb-4918-b115-60eb51a08ebf" />
      <TestMethod codeBase="C:/Projects/Urbana/Marketing/Marketing.Tests/bin/Debug/Marketing.Tests.DLL" adapterTypeName="Microsoft.VisualStudio.TestTools.TestTypes.Unit.UnitTestAdapter, Microsoft.VisualStudio.QualityTools.Tips.UnitTest.Adapter, Version=10.0.0.0, Culture=neutral, PublicKeyToken=b03f5f7f11d50a3a" className="Marketing.Tests.ActivityRunner, Marketing.Tests, Version=1.0.0.0, Culture=neutral, PublicKeyToken=null" name="RunActivity" />
    </UnitTest>
  </TestDefinitions>
  <TestLists>
    <TestList name="Results Not in a List" id="8c84fa94-04c1-424b-9868-57a2d4851a1d" />
    <TestList name="All Loaded Results" id="19431567-8539-422a-85d7-44ee4e166bda" />
  </TestLists>
  <TestEntries>
    <TestEntry testId="6f728e12-6235-f7f0-264e-f1aa35850d58" executionId="45c29a26-1adb-4918-b115-60eb51a08ebf" testListId="8c84fa94-04c1-424b-9868-57a2d4851a1d" />
  </TestEntries>
  <Results>
    <UnitTestResult executionId="45c29a26-1adb-4918-b115-60eb51a08ebf" testId="6f728e12-6235-f7f0-264e-f1aa35850d58" testName="RunActivity" computerName="WIN-RNMUH95F9U1" duration="00:00:00.4616474" startTime="2012-01-10T06:14:56.4017031-05:00" endTime="2012-01-10T06:14:57.4886172-05:00" testType="13cdc9d9-ddb5-4fa4-a97d-d965ccfc6d4b" outcome="Failed" testListId="8c84fa94-04c1-424b-9868-57a2d4851a1d" relativeResultsDirectory="45c29a26-1adb-4918-b115-60eb51a08ebf">
      <Output>
        <ErrorInfo>
          <Message>Test method Marketing.Tests.ActivityRunner.RunActivity threw exception: 
System.Configuration.ConfigurationErrorsException: An error occurred creating the configuration section handler for exceptionHandling: Could not load file or assembly 'Microsoft.Practices.EnterpriseLibrary.ExceptionHandling, Version=5.0.414.0, Culture=neutral, PublicKeyToken=31bf3856ad364e35' or one of its dependencies. The system cannot find the file specified. (C:\Users\Administrator\AppData\Local\Temp\tmp3EC7.tmp line 4) ---&gt; System.IO.FileNotFoundException: Could not load file or assembly 'Microsoft.Practices.EnterpriseLibrary.ExceptionHandling, Version=5.0.414.0, Culture=neutral, PublicKeyToken=31bf3856ad364e35' or one of its dependencies. The system cannot find the file specified.Assembly manager loaded from:  C:\Windows\Microsoft.NET\Framework\v4.0.30319\clr.dll
Running under executable  C:\Program Files (x86)\Microsoft Visual Studio 10.0\Common7\IDE\QTAgent32.exe
--- A detailed error log follows. 

=== Pre-bind state information ===
LOG: User = WIN-RNMUH95F9U1\Administrator
LOG: DisplayName = Microsoft.Practices.EnterpriseLibrary.ExceptionHandling, Version=5.0.414.0, Culture=neutral, PublicKeyToken=31bf3856ad364e35
 (Fully-specified)
LOG: Appbase = file:///C:/Projects/Urbana/Marketing/Marketing.Tests/bin/Debug
LOG: Initial PrivatePath = NULL
Calling assembly : (Unknown).
===
LOG: This bind starts in default load context.
LOG: Using application configuration file: C:\Users\Administrator\AppData\Local\Temp\tmp3EC7.tmp
LOG: Using host configuration file: 
LOG: Using machine configuration file from C:\Windows\Microsoft.NET\Framework\v4.0.30319\config\machine.config.
LOG: Post-policy reference: Microsoft.Practices.EnterpriseLibrary.ExceptionHandling, Version=5.0.414.0, Culture=neutral, PublicKeyToken=31bf3856ad364e35
LOG: Attempting download of new URL file:///C:/Projects/Urbana/Marketing/Marketing.Tests/bin/Debug/Microsoft.Practices.EnterpriseLibrary.ExceptionHandling.DLL.
LOG: Attempting download of new URL file:///C:/Projects/Urbana/Marketing/Marketing.Tests/bin/Debug/Microsoft.Practices.EnterpriseLibrary.ExceptionHandling/Microsoft.Practices.EnterpriseLibrary.ExceptionHandling.DLL.
LOG: Attempting download of new URL file:///C:/Projects/Urbana/Marketing/Marketing.Tests/bin/Debug/Microsoft.Practices.EnterpriseLibrary.ExceptionHandling.EXE.
LOG: Attempting download of new URL file:///C:/Projects/Urbana/Marketing/Marketing.Tests/bin/Debug/Microsoft.Practices.EnterpriseLibrary.ExceptionHandling/Microsoft.Practices.EnterpriseLibrary.ExceptionHandling.EXE.
</Message>
          <StackTrace>    at System.Configuration.TypeUtil.GetTypeWithReflectionPermission(IInternalConfigHost host, String typeString, Boolean throwOnError)
   at System.Configuration.RuntimeConfigurationRecord.RuntimeConfigurationFactory.Init(RuntimeConfigurationRecord configRecord, FactoryRecord factoryRecord)
   at System.Configuration.RuntimeConfigurationRecord.RuntimeConfigurationFactory.InitWithRestrictedPermissions(RuntimeConfigurationRecord configRecord, FactoryRecord factoryRecord)
   at System.Configuration.RuntimeConfigurationRecord.CreateSectionFactory(FactoryRecord factoryRecord)
   at System.Configuration.BaseConfigurationRecord.FindAndEnsureFactoryRecord(String configKey, Boolean&amp; isRootDeclaredHere)
 --- End of inner exception stack trace ---
    at System.Configuration.BaseConfigurationRecord.FindAndEnsureFactoryRecord(String configKey, Boolean&amp; isRootDeclaredHere)
   at System.Configuration.BaseConfigurationRecord.GetSectionRecursive(String configKey, Boolean getLkg, Boolean checkPermission, Boolean getRuntimeObject, Boolean requestIsHere, Object&amp; result, Object&amp; resultRuntimeObject)
   at System.Configuration.BaseConfigurationRecord.GetSection(String configKey)
   at System.Configuration.ClientConfigurationSystem.System.Configuration.Internal.IInternalConfigSystem.GetSection(String sectionName)
   at System.Configuration.ConfigurationManager.GetSection(String sectionName)
   at Microsoft.Practices.EnterpriseLibrary.Common.Configuration.SystemConfigurationSource.DoGetSection(String sectionName)
   at Microsoft.Practices.EnterpriseLibrary.Common.Configuration.FileBasedConfigurationSource.GetSection(String sectionName)
   at Microsoft.Practices.EnterpriseLibrary.Common.Configuration.ContainerModel.ConfigSectionLocator.GetRegistrationsInternal(IConfigurationSource configurationSource, Func`3 registrationsAccessor)
   at Microsoft.Practices.EnterpriseLibrary.Common.Configuration.ContainerModel.ConfigSectionLocator.GetRegistrations(IConfigurationSource configurationSource)
   at Microsoft.Practices.EnterpriseLibrary.Common.Configuration.ContainerModel.CompositeTypeRegistrationsProviderLocator.&lt;GetRegistrations&gt;b__0(ITypeRegistrationsProvider l, IConfigurationSource cs)
   at Microsoft.Practices.EnterpriseLibrary.Common.Configuration.ContainerModel.CompositeTypeRegistrationsProviderLocator.&lt;&gt;c__DisplayClass5.&lt;GetRegistrationsInternal&gt;b__4(ITypeRegistrationsProvider l)
   at System.Linq.Enumerable.&lt;SelectManyIterator&gt;d__14`2.MoveNext()
   at Microsoft.Practices.EnterpriseLibrary.Common.Configuration.ContainerModel.Unity.UnityContainerConfigurator.RegisterAllCore(IConfigurationSource configurationSource, ITypeRegistrationsProvider rootProvider)
   at Microsoft.Practices.EnterpriseLibrary.Common.Configuration.ContainerModel.ChangeTrackingContainerConfigurator.RegisterAll(IConfigurationSource configurationSource, ITypeRegistrationsProvider rootProvider)
   at Microsoft.Practices.EnterpriseLibrary.Common.Configuration.EnterpriseLibraryContainer.ConfigureContainer(ITypeRegistrationsProvider locator, IContainerConfigurator configurator, IConfigurationSource configSource)
   at Microsoft.Practices.EnterpriseLibrary.Common.Configuration.EnterpriseLibraryContainer.ConfigureContainer(IContainerConfigurator configurator, IConfigurationSource configSource)
   at Microsoft.Practices.EnterpriseLibrary.Common.Configuration.EnterpriseLibraryContainer.CreateDefaultContainer(IConfigurationSource configurationSource)
   at Microsoft.Practices.EnterpriseLibrary.Common.Configuration.EnterpriseLibraryContainer.SetCurrentContainerIfNotSet()
   at Microsoft.Practices.EnterpriseLibrary.Logging.Logger.get_Writer()
   at Microsoft.Practices.EnterpriseLibrary.Logging.Logger.Write(Object message)
   at Marketing.Tests.ActivityRunner.RunActivity() in C:\Projects\Urbana\Marketing\Marketing.Tests\ActivityRunner.cs:line 63
</StackTrace>
        </ErrorInfo>
      </Output>
    </UnitTestResult>
  </Results>
</TestRun>