<?xml version="1.0" encoding="UTF-8"?>
<TestRun id="ee486662-ba1d-48b9-8244-fefd77fd05cf" name="Administrator@WIN-RNMUH95F9U1 2011-12-03 07:35:55" runUser="WIN-RNMUH95F9U1\Administrator" xmlns="http://microsoft.com/schemas/VisualStudio/TeamTest/2010">
  <TestSettings name="Default Test Settings" id="32fd8ac5-72e5-4e3c-a4d5-f8c26e4ed24d">
    <Deployment userDeploymentRoot="C:\Projects\Urbana\Marketing\TestResults" useDefaultDeploymentRoot="false" runDeploymentRoot="Administrator_WIN-RNMUH95F9U1 2011-12-03 07_35_55">
      <DeploymentItem filename="C:\Projects\Urbana\Marketing\LeadScraper\Dependencies\Common.Net.Interfaces.dll" />
      <DeploymentItem filename="C:\Projects\Urbana\Marketing\LeadScraper\Dependencies\Common.Types.dll" />
      <DeploymentItem filename="C:\Projects\Urbana\Marketing\LeadScraper\Dependencies\Common.Net.dll" />
      <DeploymentItem filename="C:\Program Files (x86)\Microsoft Visual Studio 10.0\Common7\IDE\Extensions\Neovolve\Neovolve Toolkit\1.1.237.25175\Neovolve.Toolkit.Workflow.dll" />
      <DeploymentItem filename="C:\Projects\Urbana\Marketing\LeadScraper\Dependencies\Common.Utils.dll" />
      <DeploymentItem filename="C:\Projects\Urbana\Marketing\LeadScraper\LeadScraper.WorkflowActivities\bin\Debug\LeadScraper.WorkflowActivities.dll" />
      <DeploymentItem filename="C:\Projects\Urbana\Marketing\LeadScraper\LeadScraper.Utils\bin\Debug\LeadScraper.Utils.dll" />
    </Deployment>
    <Execution>
      <TestTypeSpecific />
      <AgentRule name="Execution Agents">
      </AgentRule>
    </Execution>
  </TestSettings>
  <Times creation="2011-12-03T07:35:55.0351562-05:00" queuing="2011-12-03T07:35:55.6103515-05:00" start="2011-12-03T07:35:55.6748046-05:00" finish="2011-12-03T07:39:15.3085937-05:00" />
  <ResultSummary outcome="Completed">
    <Counters total="1" executed="1" passed="1" error="0" failed="0" timeout="0" aborted="0" inconclusive="0" passedButRunAborted="0" notRunnable="0" notExecuted="0" disconnected="0" warning="0" completed="0" inProgress="0" pending="0" />
  </ResultSummary>
  <TestDefinitions>
    <UnitTest name="Run" storage="c:\projects\urbana\marketing\leadscraper\leadscraper.tests\bin\debug\leadscraper.tests.dll" id="a5dab67b-72d9-9214-9db4-3b0dba58e8f2">
      <Execution id="a9e9a37b-b4a5-4878-b685-cffdc17b5396" />
      <TestMethod codeBase="C:/Projects/Urbana/Marketing/LeadScraper/LeadScraper.Tests/bin/Debug/LeadScraper.Tests.DLL" adapterTypeName="Microsoft.VisualStudio.TestTools.TestTypes.Unit.UnitTestAdapter, Microsoft.VisualStudio.QualityTools.Tips.UnitTest.Adapter, Version=10.0.0.0, Culture=neutral, PublicKeyToken=b03f5f7f11d50a3a" className="LeadScraper.Tests.HostRunner, LeadScraper.Tests, Version=1.0.0.0, Culture=neutral, PublicKeyToken=null" name="Run" />
    </UnitTest>
  </TestDefinitions>
  <TestLists>
    <TestList name="Results Not in a List" id="8c84fa94-04c1-424b-9868-57a2d4851a1d" />
    <TestList name="All Loaded Results" id="19431567-8539-422a-85d7-44ee4e166bda" />
  </TestLists>
  <TestEntries>
    <TestEntry testId="a5dab67b-72d9-9214-9db4-3b0dba58e8f2" executionId="a9e9a37b-b4a5-4878-b685-cffdc17b5396" testListId="8c84fa94-04c1-424b-9868-57a2d4851a1d" />
  </TestEntries>
  <Results>
    <UnitTestResult executionId="a9e9a37b-b4a5-4878-b685-cffdc17b5396" testId="a5dab67b-72d9-9214-9db4-3b0dba58e8f2" testName="Run" computerName="WIN-RNMUH95F9U1" duration="00:03:17.4735048" startTime="2011-12-03T07:35:55.7001953-05:00" endTime="2011-12-03T07:39:13.7314453-05:00" testType="13cdc9d9-ddb5-4fa4-a97d-d965ccfc6d4b" outcome="Passed" testListId="8c84fa94-04c1-424b-9868-57a2d4851a1d" relativeResultsDirectory="a9e9a37b-b4a5-4878-b685-cffdc17b5396">
    </UnitTestResult>
  </Results>
</TestRun>