<?xml version="1.0" encoding="UTF-8"?>
<TestRun id="8f1f8bc6-a48d-41d0-9e6e-55cc5ca28916" name="Administrator@WIN-RNMUH95F9U1 2012-07-15 04:06:22" runUser="WIN-RNMUH95F9U1\Administrator" xmlns="http://microsoft.com/schemas/VisualStudio/TeamTest/2010">
  <TestSettings name="Local" id="0cd03c8d-b04e-44e0-89e7-79f70e91391f">
    <Description>These are default test settings for a local test run.</Description>
    <Deployment runDeploymentRoot="Administrator_WIN-RNMUH95F9U1 2012-07-15 04_06_22">
      <DeploymentItem filename="packages\Unity.Interception.2.1.505.0\lib\NET35\Microsoft.Practices.Unity.Interception.Configuration.dll" />
      <DeploymentItem filename="C:\Projects\Urbana\Marketing\Dependencies\Common.Net.Interfaces.dll" />
      <DeploymentItem filename="C:\Projects\Urbana\Marketing\packages\Unity.Interception.2.1.505.0\lib\NET35\Microsoft.Practices.Unity.Interception.Configuration.dll" />
      <DeploymentItem filename="C:\Projects\Urbana\Marketing\Marketing.Utils\bin\Release\Marketing.Utils.dll" />
      <DeploymentItem filename="C:\Projects\Urbana\Marketing\packages\EnterpriseLibrary.Logging.Database.5.0.505.0\lib\NET35\Microsoft.Practices.EnterpriseLibrary.Logging.Database.dll" />
      <DeploymentItem filename="C:\Projects\Urbana\Marketing\packages\EnterpriseLibrary.Logging.5.0.505.1\lib\NET35\Microsoft.Practices.EnterpriseLibrary.Logging.dll" />
      <DeploymentItem filename="packages\Unity.2.1.505.0\lib\NET35\Microsoft.Practices.Unity.Configuration.dll" />
      <DeploymentItem filename="packages\Unity.Interception.2.1.505.0\lib\NET35\Microsoft.Practices.Unity.Interception.dll" />
      <DeploymentItem filename="C:\Projects\Urbana\Marketing\Dependencies\Common.Types.dll" />
      <DeploymentItem filename="packages\CommonServiceLocator.1.0\lib\NET35\Microsoft.Practices.ServiceLocation.dll" />
      <DeploymentItem filename="C:\Projects\Urbana\Marketing\packages\EnterpriseLibrary.Common.5.0.505.0\lib\NET35\Microsoft.Practices.EnterpriseLibrary.Common.dll" />
      <DeploymentItem filename="C:\Projects\Urbana\Marketing\Marketing.Tests\bin\Debug\Common.Utils.dll" />
      <DeploymentItem filename="packages\Unity.2.1.505.0\lib\NET35\Microsoft.Practices.Unity.dll" />
      <DeploymentItem filename="C:\Projects\Urbana\Marketing\packages\EnterpriseLibrary.Data.5.0.505.0\lib\NET35\Microsoft.Practices.EnterpriseLibrary.Data.dll" />
      <DeploymentItem filename="C:\Projects\Urbana\Marketing\packages\Unity.2.1.505.0\lib\NET35\Microsoft.Practices.Unity.Configuration.dll" />
      <DeploymentItem filename="packages\EnterpriseLibrary.Common.5.0.505.0\lib\NET35\Microsoft.Practices.EnterpriseLibrary.Common.dll" />
      <DeploymentItem filename="C:\Projects\Urbana\Marketing\Marketing.WorkflowActivities\bin\Release\Marketing.WorkflowActivities.dll" />
      <DeploymentItem filename="C:\Projects\Urbana\Marketing\packages\Unity.2.1.505.0\lib\NET35\Microsoft.Practices.Unity.dll" />
      <DeploymentItem filename="C:\Projects\Urbana\Marketing\packages\CommonServiceLocator.1.0\lib\NET35\Microsoft.Practices.ServiceLocation.dll" />
      <DeploymentItem filename="C:\Projects\Urbana\Marketing\packages\Unity.Interception.2.1.505.0\lib\NET35\Microsoft.Practices.Unity.Interception.dll" />
      <DeploymentItem filename="C:\Projects\Urbana\Marketing\Dependencies\Common.Net.dll" />
      <DeploymentItem filename="packages\EnterpriseLibrary.Logging.5.0.505.1\lib\NET35\Microsoft.Practices.EnterpriseLibrary.Logging.dll" />
      <DeploymentItem filename="C:\Projects\Urbana\Marketing\Marketing.Data\bin\Release\Marketing.Data.dll" />
    </Deployment>
    <Execution>
      <TestTypeSpecific>
        <UnitTestRunConfig testTypeId="13cdc9d9-ddb5-4fa4-a97d-d965ccfc6d4b">
          <AssemblyResolution applicationBaseDirectory="%HOMEDRIVE%\Projects\Urbana\Marketing\Marketing.Tests\bin\Debug">
            <TestDirectory useLoadContext="true" />
            <RuntimeResolution>
              <Directory path="%HOMEDRIVE%\Projects\Urbana\Marketing\Marketing.Tests\bin\Debug" includeSubDirectories="true" />
            </RuntimeResolution>
          </AssemblyResolution>
        </UnitTestRunConfig>
        <WebTestRunConfiguration testTypeId="4e7599fa-5ecb-43e9-a887-cd63cf72d207">
          <Browser name="Internet Explorer 7.0">
            <Headers>
              <Header name="User-Agent" value="Mozilla/4.0 (compatible; MSIE 7.0; Windows NT 5.1)" />
              <Header name="Accept" value="*/*" />
              <Header name="Accept-Language" value="{{$IEAcceptLanguage}}" />
              <Header name="Accept-Encoding" value="GZIP" />
            </Headers>
          </Browser>
        </WebTestRunConfiguration>
      </TestTypeSpecific>
      <AgentRule name="LocalMachineDefaultRole">
      </AgentRule>
    </Execution>
  </TestSettings>
  <Times creation="2012-07-15T04:06:22.4861953-04:00" queuing="2012-07-15T04:06:25.5330703-04:00" start="2012-07-15T04:06:25.5477187-04:00" finish="2012-07-15T04:06:29.3777969-04:00" />
  <ResultSummary outcome="Failed">
    <Counters total="1" executed="1" error="0" failed="1" timeout="0" aborted="0" inconclusive="0" passedButRunAborted="0" notRunnable="0" notExecuted="0" disconnected="0" warning="0" passed="0" completed="0" inProgress="0" pending="0" />
    <RunInfos>
      <RunInfo computerName="WIN-RNMUH95F9U1" outcome="Warning" timestamp="2012-07-15T04:06:25.5330703-04:00">
        <Text>Warning: Test Run deployment issue: The assembly or module 'Microsoft.Practices.Unity.Interception' directly or indirectly referenced by deployment item 'packages\EnterpriseLibrary.Common.5.0.505.0\lib\NET35\Microsoft.Practices.EnterpriseLibrary.Common.dll' specified by the test settings was not found.</Text>
      </RunInfo>
      <RunInfo computerName="WIN-RNMUH95F9U1" outcome="Warning" timestamp="2012-07-15T04:06:25.5330703-04:00">
        <Text>Warning: Test Run deployment issue: The assembly or module 'Microsoft.Practices.Unity' directly or indirectly referenced by deployment item 'packages\Unity.Interception.2.1.505.0\lib\NET35\Microsoft.Practices.Unity.Interception.dll' specified by the test settings was not found.</Text>
      </RunInfo>
      <RunInfo computerName="WIN-RNMUH95F9U1" outcome="Warning" timestamp="2012-07-15T04:06:25.5330703-04:00">
        <Text>Warning: Test Run deployment issue: The assembly or module 'Microsoft.Practices.ServiceLocation' directly or indirectly referenced by deployment item 'packages\Unity.2.1.505.0\lib\NET35\Microsoft.Practices.Unity.dll' specified by the test settings was not found.</Text>
      </RunInfo>
      <RunInfo computerName="WIN-RNMUH95F9U1" outcome="Warning" timestamp="2012-07-15T04:06:25.5330703-04:00">
        <Text>Warning: Test Run deployment issue: The assembly or module 'Microsoft.Practices.EnterpriseLibrary.Common' directly or indirectly referenced by deployment item 'packages\EnterpriseLibrary.Logging.5.0.505.1\lib\NET35\Microsoft.Practices.EnterpriseLibrary.Logging.dll' specified by the test settings was not found.</Text>
      </RunInfo>
    </RunInfos>
  </ResultSummary>
  <TestDefinitions>
    <UnitTest name="RunActivity" storage="c:\projects\urbana\marketing\marketing.tests\bin\debug\marketing.tests.dll" id="6f728e12-6235-f7f0-264e-f1aa35850d58">
      <Execution id="3df74191-29c5-4708-bac7-b94a1b62e72d" />
      <TestMethod codeBase="C:/Projects/Urbana/Marketing/Marketing.Tests/bin/Debug/Marketing.Tests.DLL" adapterTypeName="Microsoft.VisualStudio.TestTools.TestTypes.Unit.UnitTestAdapter, Microsoft.VisualStudio.QualityTools.Tips.UnitTest.Adapter, Version=10.0.0.0, Culture=neutral, PublicKeyToken=b03f5f7f11d50a3a" className="Marketing.Tests.ActivityRunner, Marketing.Tests, Version=1.0.0.0, Culture=neutral, PublicKeyToken=null" name="RunActivity" />
    </UnitTest>
  </TestDefinitions>
  <TestLists>
    <TestList name="Results Not in a List" id="8c84fa94-04c1-424b-9868-57a2d4851a1d" />
    <TestList name="All Loaded Results" id="19431567-8539-422a-85d7-44ee4e166bda" />
  </TestLists>
  <TestEntries>
    <TestEntry testId="6f728e12-6235-f7f0-264e-f1aa35850d58" executionId="3df74191-29c5-4708-bac7-b94a1b62e72d" testListId="8c84fa94-04c1-424b-9868-57a2d4851a1d" />
  </TestEntries>
  <Results>
    <UnitTestResult executionId="3df74191-29c5-4708-bac7-b94a1b62e72d" testId="6f728e12-6235-f7f0-264e-f1aa35850d58" testName="RunActivity" computerName="WIN-RNMUH95F9U1" duration="00:00:02.9472564" startTime="2012-07-15T04:06:25.5535781-04:00" endTime="2012-07-15T04:06:29.3338515-04:00" testType="13cdc9d9-ddb5-4fa4-a97d-d965ccfc6d4b" outcome="Failed" testListId="8c84fa94-04c1-424b-9868-57a2d4851a1d" relativeResultsDirectory="3df74191-29c5-4708-bac7-b94a1b62e72d">
      <Output>
        <ErrorInfo>
          <Message>Test method Marketing.Tests.ActivityRunner.RunActivity threw exception: 
System.Data.UpdateException: An error occurred while updating the entries. See the inner exception for details. ---&gt; System.Data.SqlClient.SqlException: The DELETE statement conflicted with the REFERENCE constraint "FK_ListingContent_ListingUrl". The conflict occurred in database "Marketing.CraigslistScraper", table "dbo.ListingContents", column 'ListingUrlId'.
The statement has been terminated.</Message>
          <StackTrace>    at System.Data.SqlClient.SqlConnection.OnError(SqlException exception, Boolean breakConnection)
   at System.Data.SqlClient.SqlInternalConnection.OnError(SqlException exception, Boolean breakConnection)
   at System.Data.SqlClient.TdsParser.ThrowExceptionAndWarning()
   at System.Data.SqlClient.TdsParser.Run(RunBehavior runBehavior, SqlCommand cmdHandler, SqlDataReader dataStream, BulkCopySimpleResultSet bulkCopyHandler, TdsParserStateObject stateObj)
   at System.Data.SqlClient.SqlCommand.FinishExecuteReader(SqlDataReader ds, RunBehavior runBehavior, String resetOptionsString)
   at System.Data.SqlClient.SqlCommand.RunExecuteReaderTds(CommandBehavior cmdBehavior, RunBehavior runBehavior, Boolean returnStream, Boolean async)
   at System.Data.SqlClient.SqlCommand.RunExecuteReader(CommandBehavior cmdBehavior, RunBehavior runBehavior, Boolean returnStream, String method, DbAsyncResult result)
   at System.Data.SqlClient.SqlCommand.InternalExecuteNonQuery(DbAsyncResult result, String methodName, Boolean sendToPipe)
   at System.Data.SqlClient.SqlCommand.ExecuteNonQuery()
   at System.Data.Mapping.Update.Internal.DynamicUpdateCommand.Execute(UpdateTranslator translator, EntityConnection connection, Dictionary`2 identifierValues, List`1 generatedValues)
   at System.Data.Mapping.Update.Internal.UpdateTranslator.Update(IEntityStateManager stateManager, IEntityAdapter adapter)
 --- End of inner exception stack trace ---
    at System.Activities.WorkflowApplication.Invoke(Activity activity, IDictionary`2 inputs, WorkflowInstanceExtensionManager extensions, TimeSpan timeout)
   at System.Activities.WorkflowInvoker.Invoke(Activity workflow, IDictionary`2 inputs, TimeSpan timeout, WorkflowInstanceExtensionManager extensions)
   at System.Activities.WorkflowInvoker.Invoke(IDictionary`2 inputs)
   at Marketing.Tests.ActivityRunner.RunActivity() in C:\Projects\Urbana\Marketing\Marketing.Tests\ActivityRunner.cs:line 68
</StackTrace>
        </ErrorInfo>
      </Output>
    </UnitTestResult>
  </Results>
</TestRun>