<?xml version="1.0" encoding="UTF-8"?>
<TestRun id="63acbaf4-9cbf-481a-ba45-9c4d1907cbcd" name="Administrator@WIN-RNMUH95F9U1 2011-12-03 10:39:27" runUser="WIN-RNMUH95F9U1\Administrator" xmlns="http://microsoft.com/schemas/VisualStudio/TeamTest/2010">
  <TestSettings name="Default Test Settings" id="840af23e-ea92-4a14-9cca-31bcf2945ff6">
    <Deployment userDeploymentRoot="C:\Projects\Urbana\Marketing\TestResults" useDefaultDeploymentRoot="false" runDeploymentRoot="Administrator_WIN-RNMUH95F9U1 2011-12-03 10_39_27">
      <DeploymentItem filename="C:\Projects\Urbana\Marketing\LeadScraper\LeadScraper.Utils\bin\Debug\LeadScraper.Utils.dll" />
      <DeploymentItem filename="C:\Projects\Urbana\Marketing\Marketing.Data\bin\Debug\Marketing.Data.dll" />
      <DeploymentItem filename="C:\Projects\Urbana\Marketing\LeadScraper\Dependencies\Common.Types.dll" />
      <DeploymentItem filename="C:\Program Files (x86)\Microsoft Visual Studio 10.0\Common7\IDE\Extensions\Neovolve\Neovolve Toolkit\1.1.237.25175\Neovolve.Toolkit.Workflow.dll" />
      <DeploymentItem filename="C:\Projects\Urbana\Marketing\LeadScraper\LeadScraper.WorkflowActivities\bin\Debug\LeadScraper.WorkflowActivities.dll" />
      <DeploymentItem filename="C:\Projects\Urbana\Marketing\LeadScraper\Dependencies\Common.Net.dll" />
      <DeploymentItem filename="C:\Projects\Urbana\Marketing\LeadScraper\Dependencies\Common.Utils.dll" />
      <DeploymentItem filename="C:\Projects\Urbana\Marketing\LeadScraper\Dependencies\Common.Net.Interfaces.dll" />
    </Deployment>
    <Execution>
      <TestTypeSpecific />
      <AgentRule name="Execution Agents">
      </AgentRule>
    </Execution>
  </TestSettings>
  <Times creation="2011-12-03T10:39:27.1630859-05:00" queuing="2011-12-03T10:39:36.8359375-05:00" start="2011-12-03T10:39:37.9169921-05:00" finish="2011-12-03T10:40:35.2138671-05:00" />
  <ResultSummary outcome="Failed">
    <Counters total="1" executed="1" error="0" failed="1" timeout="0" aborted="0" inconclusive="0" passedButRunAborted="0" notRunnable="0" notExecuted="0" disconnected="0" warning="0" passed="0" completed="0" inProgress="0" pending="0" />
  </ResultSummary>
  <TestDefinitions>
    <UnitTest name="RunActivity" storage="c:\projects\urbana\marketing\leadscraper\leadscraper.tests\bin\debug\leadscraper.tests.dll" id="a36d28e8-9a68-22ee-83c9-35bbaac6c27e">
      <Execution id="810bd982-7338-4219-977e-80e45cfe5256" />
      <TestMethod codeBase="C:/Projects/Urbana/Marketing/LeadScraper/LeadScraper.Tests/bin/Debug/LeadScraper.Tests.DLL" adapterTypeName="Microsoft.VisualStudio.TestTools.TestTypes.Unit.UnitTestAdapter, Microsoft.VisualStudio.QualityTools.Tips.UnitTest.Adapter, Version=10.0.0.0, Culture=neutral, PublicKeyToken=b03f5f7f11d50a3a" className="LeadScraper.Tests.EmailResponseActivityTest, LeadScraper.Tests, Version=1.0.0.0, Culture=neutral, PublicKeyToken=null" name="RunActivity" />
    </UnitTest>
  </TestDefinitions>
  <TestLists>
    <TestList name="Results Not in a List" id="8c84fa94-04c1-424b-9868-57a2d4851a1d" />
    <TestList name="All Loaded Results" id="19431567-8539-422a-85d7-44ee4e166bda" />
  </TestLists>
  <TestEntries>
    <TestEntry testId="a36d28e8-9a68-22ee-83c9-35bbaac6c27e" executionId="810bd982-7338-4219-977e-80e45cfe5256" testListId="8c84fa94-04c1-424b-9868-57a2d4851a1d" />
  </TestEntries>
  <Results>
    <UnitTestResult executionId="810bd982-7338-4219-977e-80e45cfe5256" testId="a36d28e8-9a68-22ee-83c9-35bbaac6c27e" testName="RunActivity" computerName="WIN-RNMUH95F9U1" duration="00:00:52.6461955" startTime="2011-12-03T10:39:39.3222656-05:00" endTime="2011-12-03T10:40:34.8105468-05:00" testType="13cdc9d9-ddb5-4fa4-a97d-d965ccfc6d4b" outcome="Failed" testListId="8c84fa94-04c1-424b-9868-57a2d4851a1d" relativeResultsDirectory="810bd982-7338-4219-977e-80e45cfe5256">
      <Output>
        <ErrorInfo>
          <Message>Test method LeadScraper.Tests.EmailResponseActivityTest.RunActivity threw exception: 
System.ArgumentNullException: Value cannot be null.
Parameter name: s</Message>
          <StackTrace>    at System.Activities.WorkflowApplication.Invoke(Activity activity, IDictionary`2 inputs, WorkflowInstanceExtensionManager extensions, TimeSpan timeout)
   at System.Activities.WorkflowInvoker.Invoke(Activity workflow, IDictionary`2 inputs, TimeSpan timeout, WorkflowInstanceExtensionManager extensions)
   at System.Activities.WorkflowInvoker.Invoke(IDictionary`2 inputs)
   at LeadScraper.Tests.EmailResponseActivityTest.RunActivity() in C:\Projects\Urbana\Marketing\LeadScraper\LeadScraper.Tests\EmailResponseActivityTest.cs:line 21
</StackTrace>
        </ErrorInfo>
      </Output>
    </UnitTestResult>
  </Results>
</TestRun>