<?xml version="1.0" encoding="UTF-8"?>
<TestRun id="da9b85ed-facb-49fa-89c2-e64c053a3160" name="Administrator@WIN-RNMUH95F9U1 2011-12-03 09:41:59" runUser="WIN-RNMUH95F9U1\Administrator" xmlns="http://microsoft.com/schemas/VisualStudio/TeamTest/2010">
  <TestSettings name="Default Test Settings" id="47140647-923f-406b-b0a5-0b760313f146">
    <Deployment userDeploymentRoot="C:\Projects\Urbana\Marketing\TestResults" useDefaultDeploymentRoot="false" runDeploymentRoot="Administrator_WIN-RNMUH95F9U1 2011-12-03 09_41_59">
      <DeploymentItem filename="C:\Projects\Urbana\Marketing\LeadScraper\LeadScraper.Utils\bin\Debug\LeadScraper.Utils.dll" />
      <DeploymentItem filename="C:\Projects\Urbana\Marketing\Marketing.Data\bin\Debug\Marketing.Data.dll" />
      <DeploymentItem filename="C:\Projects\Urbana\Marketing\LeadScraper\Dependencies\Common.Types.dll" />
      <DeploymentItem filename="C:\Program Files (x86)\Microsoft Visual Studio 10.0\Common7\IDE\Extensions\Neovolve\Neovolve Toolkit\1.1.237.25175\Neovolve.Toolkit.Workflow.dll" />
      <DeploymentItem filename="C:\Projects\Urbana\Marketing\LeadScraper\LeadScraper.WorkflowActivities\bin\Debug\LeadScraper.WorkflowActivities.dll" />
      <DeploymentItem filename="C:\Projects\Urbana\Marketing\LeadScraper\Dependencies\Common.Net.dll" />
      <DeploymentItem filename="C:\Projects\Urbana\Marketing\LeadScraper\Dependencies\Common.Utils.dll" />
      <DeploymentItem filename="C:\Projects\Urbana\Marketing\LeadScraper\Dependencies\Common.Net.Interfaces.dll" />
    </Deployment>
    <Execution>
      <TestTypeSpecific />
      <AgentRule name="Execution Agents">
      </AgentRule>
    </Execution>
  </TestSettings>
  <Times creation="2011-12-03T09:41:59.7324218-05:00" queuing="2011-12-03T09:42:02.4863281-05:00" start="2011-12-03T09:42:03.0810546-05:00" finish="2011-12-03T09:42:38.2529296-05:00" />
  <ResultSummary outcome="Completed">
    <Counters total="1" executed="1" passed="1" error="0" failed="0" timeout="0" aborted="0" inconclusive="0" passedButRunAborted="0" notRunnable="0" notExecuted="0" disconnected="0" warning="0" completed="0" inProgress="0" pending="0" />
  </ResultSummary>
  <TestDefinitions>
    <UnitTest name="RunActivity" storage="c:\projects\urbana\marketing\leadscraper\leadscraper.tests\bin\debug\leadscraper.tests.dll" id="a36d28e8-9a68-22ee-83c9-35bbaac6c27e">
      <Execution id="da787745-015a-4cae-a7de-a38391d7dc33" />
      <TestMethod codeBase="C:/Projects/Urbana/Marketing/LeadScraper/LeadScraper.Tests/bin/Debug/LeadScraper.Tests.DLL" adapterTypeName="Microsoft.VisualStudio.TestTools.TestTypes.Unit.UnitTestAdapter, Microsoft.VisualStudio.QualityTools.Tips.UnitTest.Adapter, Version=10.0.0.0, Culture=neutral, PublicKeyToken=b03f5f7f11d50a3a" className="LeadScraper.Tests.EmailResponseActivityTest, LeadScraper.Tests, Version=1.0.0.0, Culture=neutral, PublicKeyToken=null" name="RunActivity" />
    </UnitTest>
  </TestDefinitions>
  <TestLists>
    <TestList name="Results Not in a List" id="8c84fa94-04c1-424b-9868-57a2d4851a1d" />
    <TestList name="All Loaded Results" id="19431567-8539-422a-85d7-44ee4e166bda" />
  </TestLists>
  <TestEntries>
    <TestEntry testId="a36d28e8-9a68-22ee-83c9-35bbaac6c27e" executionId="da787745-015a-4cae-a7de-a38391d7dc33" testListId="8c84fa94-04c1-424b-9868-57a2d4851a1d" />
  </TestEntries>
  <Results>
    <UnitTestResult executionId="da787745-015a-4cae-a7de-a38391d7dc33" testId="a36d28e8-9a68-22ee-83c9-35bbaac6c27e" testName="RunActivity" computerName="WIN-RNMUH95F9U1" duration="00:00:28.3615680" startTime="2011-12-03T09:42:03.5820312-05:00" endTime="2011-12-03T09:42:36.3662109-05:00" testType="13cdc9d9-ddb5-4fa4-a97d-d965ccfc6d4b" outcome="Passed" testListId="8c84fa94-04c1-424b-9868-57a2d4851a1d" relativeResultsDirectory="da787745-015a-4cae-a7de-a38391d7dc33">
      <Output>
        <StdOut>A from address must be specified.
A from address must be specified.</StdOut>
      </Output>
    </UnitTestResult>
  </Results>
</TestRun>