<?xml version="1.0" encoding="UTF-8"?>
<TestRun id="e17b1b62-ba3c-4d72-9caa-2e457d7c99c0" name="Administrator@WIN-RNMUH95F9U1 2011-12-03 06:46:47" runUser="WIN-RNMUH95F9U1\Administrator" xmlns="http://microsoft.com/schemas/VisualStudio/TeamTest/2010">
  <TestSettings name="Default Test Settings" id="32fd8ac5-72e5-4e3c-a4d5-f8c26e4ed24d">
    <Deployment runDeploymentRoot="Administrator_WIN-RNMUH95F9U1 2011-12-03 06_46_47">
      <DeploymentItem filename="C:\Projects\Urbana\Marketing\LeadScraper\Dependencies\Common.Net.Interfaces.dll" />
      <DeploymentItem filename="C:\Projects\Urbana\Marketing\LeadScraper\Dependencies\Common.Net.dll" />
      <DeploymentItem filename="C:\Projects\Urbana\Marketing\LeadScraper\Dependencies\Common.Types.dll" />
      <DeploymentItem filename="C:\Projects\Urbana\Marketing\LeadScraper\LeadScraper.WorkflowActivities\bin\Debug\LeadScraper.WorkflowActivities.dll" />
      <DeploymentItem filename="C:\Program Files (x86)\Microsoft Visual Studio 10.0\Common7\IDE\Extensions\Neovolve\Neovolve Toolkit\1.1.237.25175\Neovolve.Toolkit.Workflow.dll" />
      <DeploymentItem filename="C:\Projects\Urbana\Marketing\LeadScraper\Dependencies\Common.Utils.dll" />
      <DeploymentItem filename="C:\Projects\Urbana\Marketing\LeadScraper\LeadScraper.Utils\bin\Debug\LeadScraper.Utils.dll" />
    </Deployment>
    <Execution>
      <TestTypeSpecific />
      <AgentRule name="Execution Agents">
      </AgentRule>
    </Execution>
  </TestSettings>
  <Times creation="2011-12-03T06:46:47.2666015-05:00" queuing="2011-12-03T06:46:47.9726562-05:00" start="2011-12-03T06:46:48.0566406-05:00" finish="2011-12-03T06:46:52.0615234-05:00" />
  <ResultSummary outcome="Failed">
    <Counters total="1" executed="1" error="0" failed="1" timeout="0" aborted="0" inconclusive="0" passedButRunAborted="0" notRunnable="0" notExecuted="0" disconnected="0" warning="0" passed="0" completed="0" inProgress="0" pending="0" />
  </ResultSummary>
  <TestDefinitions>
    <UnitTest name="Run" storage="c:\projects\urbana\marketing\leadscraper\leadscraper.tests\bin\debug\leadscraper.tests.dll" id="a5dab67b-72d9-9214-9db4-3b0dba58e8f2">
      <Execution id="04f5c23e-e109-4f4a-b817-837676b2dfcc" />
      <TestMethod codeBase="C:/Projects/Urbana/Marketing/LeadScraper/LeadScraper.Tests/bin/Debug/LeadScraper.Tests.DLL" adapterTypeName="Microsoft.VisualStudio.TestTools.TestTypes.Unit.UnitTestAdapter, Microsoft.VisualStudio.QualityTools.Tips.UnitTest.Adapter, Version=10.0.0.0, Culture=neutral, PublicKeyToken=b03f5f7f11d50a3a" className="LeadScraper.Tests.HostRunner, LeadScraper.Tests, Version=1.0.0.0, Culture=neutral, PublicKeyToken=null" name="Run" />
    </UnitTest>
  </TestDefinitions>
  <TestLists>
    <TestList name="Results Not in a List" id="8c84fa94-04c1-424b-9868-57a2d4851a1d" />
    <TestList name="All Loaded Results" id="19431567-8539-422a-85d7-44ee4e166bda" />
  </TestLists>
  <TestEntries>
    <TestEntry testId="a5dab67b-72d9-9214-9db4-3b0dba58e8f2" executionId="04f5c23e-e109-4f4a-b817-837676b2dfcc" testListId="8c84fa94-04c1-424b-9868-57a2d4851a1d" />
  </TestEntries>
  <Results>
    <UnitTestResult executionId="04f5c23e-e109-4f4a-b817-837676b2dfcc" testId="a5dab67b-72d9-9214-9db4-3b0dba58e8f2" testName="Run" computerName="WIN-RNMUH95F9U1" duration="00:00:01.8020661" startTime="2011-12-03T06:46:48.0869140-05:00" endTime="2011-12-03T06:46:50.4687500-05:00" testType="13cdc9d9-ddb5-4fa4-a97d-d965ccfc6d4b" outcome="Failed" testListId="8c84fa94-04c1-424b-9868-57a2d4851a1d" relativeResultsDirectory="04f5c23e-e109-4f4a-b817-837676b2dfcc">
      <Output>
        <ErrorInfo>
          <Message>Test method LeadScraper.Tests.HostRunner.Run threw exception: 
System.NotSupportedException: LINQ to Entities does not recognize the method 'System.Guid GetValue[Guid](System.Activities.LocationReference)' method, and this method cannot be translated into a store expression.</Message>
          <StackTrace>    at System.Activities.WorkflowApplication.Invoke(Activity activity, IDictionary`2 inputs, WorkflowInstanceExtensionManager extensions, TimeSpan timeout)
   at System.Activities.WorkflowInvoker.Invoke(Activity workflow, TimeSpan timeout, WorkflowInstanceExtensionManager extensions)
   at System.Activities.WorkflowInvoker.Invoke()
   at LeadScraper.Tests.HostRunner.Run() in C:\Projects\Urbana\Marketing\LeadScraper\LeadScraper.Tests\HostRunner.cs:line 18
</StackTrace>
        </ErrorInfo>
      </Output>
    </UnitTestResult>
  </Results>
</TestRun>